[  5%] [32mBuilding CXX object CMakeFiles/local_node4.dir/src/local_node4.cpp.o[0m
[01m[K/home/mm/longshan12_2/src/local/src/local_node4.cpp:[m[K In member function ‘[01m[Kvoid local_trajs_node::write_localpath(Eigen::MatrixXd&)[m[K’:
[01m[K/home/mm/longshan12_2/src/local/src/local_node4.cpp:1728:25:[m[K [01;31m[Kerror: [m[Kaggregate ‘[01m[Klocal_trajs_node::write_localpath(Eigen::MatrixXd&)::stat info[m[K’ has incomplete type and cannot be defined
 1728 |             struct stat [01;31m[Kinfo[m[K;
      |                         [01;31m[K^~~~[m[K
[01m[K/home/mm/longshan12_2/src/local/src/local_node4.cpp:1730:48:[m[K [01;31m[Kerror: [m[Kinvalid use of incomplete type ‘[01m[Kstruct local_trajs_node::write_localpath(Eigen::MatrixXd&)::stat[m[K’
 1730 |             if (stat(local_path_.c_str(), &info[01;31m[K)[m[K != 0 || !(info.st_mode & S_IFDIR)) {
      |                                                [01;31m[K^[m[K
[01m[K/home/mm/longshan12_2/src/local/src/local_node4.cpp:1728:20:[m[K [01;36m[Knote: [m[Kforward declaration of ‘[01m[Kstruct local_trajs_node::write_localpath(Eigen::MatrixXd&)::stat[m[K’
 1728 |             struct [01;36m[Kstat[m[K info;
      |                    [01;36m[K^~~~[m[K
[01m[K/home/mm/longshan12_2/src/local/src/local_node4.cpp:1730:75:[m[K [01;31m[Kerror: [m[K‘[01m[KS_IFDIR[m[K’ was not declared in this scope
 1730 |         if (stat(local_path_.c_str(), &info) != 0 || !(info.st_mode & [01;31m[KS_IFDIR[m[K)) {
      |                                                                       [01;31m[K^~~~~~~[m[K

[01m[K/home/mm/longshan12_2/src/local/src/local_node4.cpp:1732:21:[m[K [01;31m[Kerror: [m[K‘[01m[Kmkdir[m[K’ was not declared in this scope
 1732 |                 if ([01;31m[Kmkdir[m[K(local_path_.c_str(), 0777) != 0) {
      |                     [01;31m[K^~~~~[m[K
[01m[K/home/mm/longshan12_2/src/local/src/local_node4.cpp:1740:33:[m[K [01;31m[Kerror: [m[K‘[01m[Kdir[m[K’ was not declared in this scope; did you mean ‘[01m[Kdiv[m[K’?
 1740 |                 if (!fs::exists([01;31m[Kdir[m[K) || !fs::is_directory(dir)) {
      |                                 [01;31m[K^~~[m[K
      |                                 [32m[Kdiv[m[K
[01m[K/home/mm/longshan12_2/src/local/src/local_node4.cpp:1741:81:[m[K [01;31m[Kerror: [m[K‘[01m[Kdir_path[m[K’ was not declared in this scope
 1741 |    std::cerr << "目录不存在或不是有效的目录: " << [01;31m[Kdir_path[m[K << std::endl;
      |                                                                [01;31m[K^~~~~~~~[m[K

[01m[K/home/mm/longshan12_2/src/local/src/local_node4.cpp:1745:49:[m[K [01;31m[Kerror: [m[K‘[01m[Kdir[m[K’ was not declared in this scope; did you mean ‘[01m[Kdiv[m[K’?
 1745 |                 for (fs::directory_iterator itr([01;31m[Kdir[m[K); itr != fs::directory_iterator(); ++itr) {
      |                                                 [01;31m[K^~~[m[K
      |                                                 [32m[Kdiv[m[K
In file included from [01m[K/home/mm/longshan12_2/src/local/./include/localFuns.h:5[m[K,
                 from [01m[K/home/mm/longshan12_2/src/local/src/local_node4.cpp:14[m[K:
[01m[K/home/mm/longshan12_2/src/local/./include/toolKits.h:[m[K At global scope:
[01m[K/home/mm/longshan12_2/src/local/./include/toolKits.h:64:19:[m[K [01;35m[Kwarning: [m[Kinline function ‘[01m[Kdouble tool::d2r(double)[m[K’ used but never defined
   64 |     inline double [01;35m[Kd2r[m[K(double theta);
      |                   [01;35m[K^~~[m[K
make[2]: *** [CMakeFiles/local_node4.dir/build.make:167：CMakeFiles/local_node4.dir/src/local_node4.cpp.o] 错误 1
make[1]: *** [CMakeFiles/Makefile2:78：CMakeFiles/local_node4.dir/all] 错误 2
make: *** [Makefile:141：all] 错误 2
