[0.041s] Invoking command in '/home/mm/longshan12_2/build/local': AMENT_PREFIX_PATH=/home/mm/longshan12_2/install/ros2_path_interfaces:${AMENT_PREFIX_PATH} CMAKE_PREFIX_PATH=/home/mm/longshan12_2/install/ros2_path_interfaces:/opt/ros/foxy LD_LIBRARY_PATH=/home/mm/longshan12_2/install/ros2_path_interfaces/lib:/usr/local/lib/libosqp.so:/usr/lib/x86_64-linux-gnu/gazebo-11/plugins:/opt/ros/foxy/opt/yaml_cpp_vendor/lib:/opt/ros/foxy/opt/rviz_ogre_vendor/lib:/opt/ros/foxy/lib/x86_64-linux-gnu:/opt/ros/foxy/lib:/usr/local/lib/libosqp.so PYTHONPATH=/home/mm/longshan12_2/install/ros2_path_interfaces/lib/python3.8/site-packages:${PYTHONPATH} /usr/bin/cmake --build /home/mm/longshan12_2/build/local -- -j4 -l4
[0.518s] [  5%] [32mBuilding CXX object CMakeFiles/local_node4.dir/src/local_node4.cpp.o[0m
[4.424s] [01m[K/home/mm/longshan12_2/src/local/src/local_node4.cpp:[m[K In member function â€˜[01m[Kvoid local_trajs_node::write_localpath(Eigen::MatrixXd&)[m[Kâ€™:
[4.424s] [01m[K/home/mm/longshan12_2/src/local/src/local_node4.cpp:1730:39:[m[K [01;31m[Kerror: [m[Kâ€˜[01m[Klocal_path_[m[Kâ€™ was not declared in this scope
[4.424s]  1730 |             std::string folder_name = [01;31m[Klocal_path_[m[K + std::string(time_buffer);
[4.425s]       |                                       [01;31m[K^~~~~~~~~~~[m[K
[7.303s] In file included from [01m[K/home/mm/longshan12_2/src/local/./include/localFuns.h:5[m[K,
[7.303s]                  from [01m[K/home/mm/longshan12_2/src/local/src/local_node4.cpp:14[m[K:
[7.304s] [01m[K/home/mm/longshan12_2/src/local/./include/toolKits.h:[m[K At global scope:
[7.304s] [01m[K/home/mm/longshan12_2/src/local/./include/toolKits.h:64:19:[m[K [01;35m[Kwarning: [m[Kinline function â€˜[01m[Kdouble tool::d2r(double)[m[Kâ€™ used but never defined
[7.304s]    64 |     inline double [01;35m[Kd2r[m[K(double theta);
[7.304s]       |                   [01;35m[K^~~[m[K
[7.870s] make[2]: *** [CMakeFiles/local_node4.dir/build.make:167ï¼šCMakeFiles/local_node4.dir/src/local_node4.cpp.o] é”™è¯¯ 1
[7.870s] make[1]: *** [CMakeFiles/Makefile2:78ï¼šCMakeFiles/local_node4.dir/all] é”™è¯¯ 2
[7.870s] make: *** [Makefile:141ï¼šall] é”™è¯¯ 2
[7.873s] Invoked command in '/home/mm/longshan12_2/build/local' returned '2': AMENT_PREFIX_PATH=/home/mm/longshan12_2/install/ros2_path_interfaces:${AMENT_PREFIX_PATH} CMAKE_PREFIX_PATH=/home/mm/longshan12_2/install/ros2_path_interfaces:/opt/ros/foxy LD_LIBRARY_PATH=/home/mm/longshan12_2/install/ros2_path_interfaces/lib:/usr/local/lib/libosqp.so:/usr/lib/x86_64-linux-gnu/gazebo-11/plugins:/opt/ros/foxy/opt/yaml_cpp_vendor/lib:/opt/ros/foxy/opt/rviz_ogre_vendor/lib:/opt/ros/foxy/lib/x86_64-linux-gnu:/opt/ros/foxy/lib:/usr/local/lib/libosqp.so PYTHONPATH=/home/mm/longshan12_2/install/ros2_path_interfaces/lib/python3.8/site-packages:${PYTHONPATH} /usr/bin/cmake --build /home/mm/longshan12_2/build/local -- -j4 -l4
