[0.049s] Invoking command in '/home/mm/longshan12_2/build/control': CMAKE_PREFIX_PATH=/opt/ros/foxy /usr/bin/cmake --build /home/mm/longshan12_2/build/control -- -j4 -l4
[0.216s] [35m[1mScanning dependencies of target control_node[0m
[0.474s] [  7%] [32mBuilding CXX object CMakeFiles/control_node.dir/src/control_node.cpp.o[0m
[4.671s] [01m[K/home/mm/longshan12_2/src/control/src/control_node.cpp:[m[K In member function â€˜[01m[Kvoid control_node::gps_callback(std_msgs::msg::Float64MultiArray_<std::allocator<void> >::SharedPtr)[m[Kâ€™:
[4.671s] [01m[K/home/mm/longshan12_2/src/control/src/control_node.cpp:124:44:[m[K [01;31m[Kerror: [m[Kâ€˜[01m[KoProjection_point_message[m[Kâ€™ was not declared in this scope; did you mean â€˜[01m[KProjection_point_message[m[Kâ€™?
[4.671s]   124 |                             double theta = [01;31m[KoProjection_point_message[m[K[3];
[4.671s]       |                                            [01;31m[K^~~~~~~~~~~~~~~~~~~~~~~~~[m[K
[4.671s]       |                                            [32m[KProjection_point_message[m[K
[4.747s] [01m[K/home/mm/longshan12_2/src/control/src/control_node.cpp:129:36:[m[K [01;35m[Kwarning: [m[Kunused variable â€˜[01m[KdeltaX[m[Kâ€™ [[01;35m[K-Wunused-variable[m[K]
[4.747s]   129 |                             double [01;35m[KdeltaX[m[K =  dx;
[4.747s]       |                                    [01;35m[K^~~~~~[m[K
[4.747s] [01m[K/home/mm/longshan12_2/src/control/src/control_node.cpp:130:36:[m[K [01;35m[Kwarning: [m[Kunused variable â€˜[01m[KdeltaY[m[Kâ€™ [[01;35m[K-Wunused-variable[m[K]
[4.747s]   130 |                             double [01;35m[KdeltaY[m[K =  dy;
[4.747s]       |                                    [01;35m[K^~~~~~[m[K
[4.747s] [01m[K/home/mm/longshan12_2/src/control/src/control_node.cpp:131:36:[m[K [01;35m[Kwarning: [m[Kunused variable â€˜[01m[KdeltaYAW[m[Kâ€™ [[01;35m[K-Wunused-variable[m[K]
[4.747s]   131 |                             double [01;35m[KdeltaYAW[m[K = tool::normalizeAngle(tool::d2r(car(3)) - theta);
[4.747s]       |                                    [01;35m[K^~~~~~~~[m[K
[8.424s] make[2]: *** [CMakeFiles/control_node.dir/build.make:76ï¼šCMakeFiles/control_node.dir/src/control_node.cpp.o] é”™è¯¯ 1
[8.425s] make[1]: *** [CMakeFiles/Makefile2:78ï¼šCMakeFiles/control_node.dir/all] é”™è¯¯ 2
[8.425s] make: *** [Makefile:141ï¼šall] é”™è¯¯ 2
[8.427s] Invoked command in '/home/mm/longshan12_2/build/control' returned '2': CMAKE_PREFIX_PATH=/opt/ros/foxy /usr/bin/cmake --build /home/mm/longshan12_2/build/control -- -j4 -l4
