[0.051s] Invoking command in '/home/mm/longshan11_6/build/local': AMENT_PREFIX_PATH=/home/mm/longshan11_6/install/ros2_path_interfaces:${AMENT_PREFIX_PATH} CMAKE_PREFIX_PATH=/home/mm/longshan11_6/install/ros2_path_interfaces:/opt/ros/foxy LD_LIBRARY_PATH=/home/mm/longshan11_6/install/ros2_path_interfaces/lib:/usr/lib/x86_64-linux-gnu/gazebo-11/plugins:/opt/ros/foxy/opt/yaml_cpp_vendor/lib:/opt/ros/foxy/opt/rviz_ogre_vendor/lib:/opt/ros/foxy/lib/x86_64-linux-gnu:/opt/ros/foxy/lib:/usr/local/lib/libosqp.so PYTHONPATH=/home/mm/longshan11_6/install/ros2_path_interfaces/lib/python3.8/site-packages:${PYTHONPATH} /usr/bin/cmake /home/mm/longshan11_6/src/local -DCMAKE_INSTALL_PREFIX=/home/mm/longshan11_6/install/local
[0.219s] -- The C compiler identification is GNU 9.4.0
[0.415s] -- The CXX compiler identification is GNU 9.4.0
[0.432s] -- Check for working C compiler: /usr/bin/cc
[0.846s] -- Check for working C compiler: /usr/bin/cc -- works
[0.847s] -- Detecting C compiler ABI info
[1.089s] -- Detecting C compiler ABI info - done
[1.129s] -- Detecting C compile features
[1.131s] -- Detecting C compile features - done
[1.133s] -- Check for working CXX compiler: /usr/bin/c++
[1.813s] -- Check for working CXX compiler: /usr/bin/c++ -- works
[1.815s] -- Detecting CXX compiler ABI info
[2.213s] -- Detecting CXX compiler ABI info - done
[2.300s] -- Detecting CXX compile features
[2.302s] -- Detecting CXX compile features - done
[2.308s] -- Found ament_cmake: 0.9.12 (/opt/ros/foxy/share/ament_cmake/cmake)
[2.407s] -- Found PythonInterp: /usr/bin/python3 (found suitable version "3.8.10", minimum required is "3") 
[2.408s] -- Using PYTHON_EXECUTABLE: /usr/bin/python3
[3.148s] -- Found rclcpp: 2.4.3 (/opt/ros/foxy/share/rclcpp/cmake)
[3.304s] -- Using all available rosidl_typesupport_c: rosidl_typesupport_fastrtps_c;rosidl_typesupport_introspection_c
[3.322s] -- Found rosidl_adapter: 1.3.1 (/opt/ros/foxy/share/rosidl_adapter/cmake)
[3.741s] -- Found OpenSSL: /usr/lib/x86_64-linux-gnu/libcrypto.so (found version "1.1.1f")  
[3.817s] -- Found FastRTPS: /opt/ros/foxy/include  
[4.036s] -- Using all available rosidl_typesupport_cpp: rosidl_typesupport_fastrtps_cpp;rosidl_typesupport_introspection_cpp
[4.205s] -- Found rmw_implementation_cmake: 1.0.4 (/opt/ros/foxy/share/rmw_implementation_cmake/cmake)
[4.207s] -- Using RMW implementation 'rmw_fastrtps_cpp' as default
[4.209s] -- Looking for pthread.h
[4.624s] -- Looking for pthread.h - found
[4.625s] -- Performing Test CMAKE_HAVE_LIBC_PTHREAD
[5.152s] -- Performing Test CMAKE_HAVE_LIBC_PTHREAD - Failed
[5.153s] -- Looking for pthread_create in pthreads
[5.574s] -- Looking for pthread_create in pthreads - not found
[5.574s] -- Looking for pthread_create in pthread
[5.976s] -- Looking for pthread_create in pthread - found
[5.988s] -- Found Threads: TRUE  
[6.704s] -- Found OpenCV: /usr (found version "4.2.0") 
[6.717s] -- Found visualization_msgs: 2.0.5 (/opt/ros/foxy/share/visualization_msgs/cmake)
[7.125s] -- Found ros2_path_interfaces: 0.0.0 (/home/mm/longshan11_6/install/ros2_path_interfaces/share/ros2_path_interfaces/cmake)
[8.324s] -- Found OpenMP_C: -fopenmp (found version "4.5") 
[9.086s] -- Found OpenMP_CXX: -fopenmp (found version "4.5") 
[9.086s] -- Found OpenMP: TRUE (found version "4.5")  
[9.120s] -- Found ament_lint_auto: 0.9.8 (/opt/ros/foxy/share/ament_lint_auto/cmake)
[9.477s] -- Added test 'copyright' to check source files copyright and LICENSE
[9.496s] -- Added test 'cppcheck' to perform static code analysis on C / C++ code
[9.498s] -- Configured cppcheck include dirs: /home/mm/longshan11_6/src/local/./include;$<BUILD_INTERFACE:/home/mm/longshan11_6/src/local/include>
[9.498s] -- Configured cppcheck exclude dirs and/or files: 
[9.518s] -- Added test 'cpplint' to check C / C++ code against the Google style
[9.519s] -- Configured cpplint exclude dirs and/or files: 
[9.528s] -- Added test 'flake8' to check Python code syntax and style conventions
[9.528s] -- Added test 'lint_cmake' to check CMake code style
[9.530s] -- Added test 'pep257' to check Python code against some of the style conventions in PEP 257
[9.537s] -- Added test 'uncrustify' to check C / C++ code style
[9.538s] -- Configured uncrustify additional arguments: 
[9.557s] -- Added test 'xmllint' to check XML markup files
[9.563s] -- Configuring done
[9.693s] -- Generating done
[9.706s] -- Build files have been written to: /home/mm/longshan11_6/build/local
[9.747s] Invoked command in '/home/mm/longshan11_6/build/local' returned '0': AMENT_PREFIX_PATH=/home/mm/longshan11_6/install/ros2_path_interfaces:${AMENT_PREFIX_PATH} CMAKE_PREFIX_PATH=/home/mm/longshan11_6/install/ros2_path_interfaces:/opt/ros/foxy LD_LIBRARY_PATH=/home/mm/longshan11_6/install/ros2_path_interfaces/lib:/usr/lib/x86_64-linux-gnu/gazebo-11/plugins:/opt/ros/foxy/opt/yaml_cpp_vendor/lib:/opt/ros/foxy/opt/rviz_ogre_vendor/lib:/opt/ros/foxy/lib/x86_64-linux-gnu:/opt/ros/foxy/lib:/usr/local/lib/libosqp.so PYTHONPATH=/home/mm/longshan11_6/install/ros2_path_interfaces/lib/python3.8/site-packages:${PYTHONPATH} /usr/bin/cmake /home/mm/longshan11_6/src/local -DCMAKE_INSTALL_PREFIX=/home/mm/longshan11_6/install/local
[9.758s] Invoking command in '/home/mm/longshan11_6/build/local': AMENT_PREFIX_PATH=/home/mm/longshan11_6/install/ros2_path_interfaces:${AMENT_PREFIX_PATH} CMAKE_PREFIX_PATH=/home/mm/longshan11_6/install/ros2_path_interfaces:/opt/ros/foxy LD_LIBRARY_PATH=/home/mm/longshan11_6/install/ros2_path_interfaces/lib:/usr/lib/x86_64-linux-gnu/gazebo-11/plugins:/opt/ros/foxy/opt/yaml_cpp_vendor/lib:/opt/ros/foxy/opt/rviz_ogre_vendor/lib:/opt/ros/foxy/lib/x86_64-linux-gnu:/opt/ros/foxy/lib:/usr/local/lib/libosqp.so PYTHONPATH=/home/mm/longshan11_6/install/ros2_path_interfaces/lib/python3.8/site-packages:${PYTHONPATH} /usr/bin/cmake --build /home/mm/longshan11_6/build/local -- -j4 -l4
[9.944s] [35m[1mScanning dependencies of target local_node3[0m
[10.510s] [  5%] [32mBuilding CXX object CMakeFiles/local_node3.dir/src/BSpline.cpp.o[0m
[10.682s] [ 11%] [32mBuilding CXX object CMakeFiles/local_node3.dir/src/Speeddecisions.cpp.o[0m
[19.167s] [ 16%] [32mBuilding CXX object CMakeFiles/local_node3.dir/src/dp_st_cost_.cpp.o[0m
[23.110s] [ 22%] [32mBuilding CXX object CMakeFiles/local_node3.dir/src/localFuns.cpp.o[0m
[43.102s] In file included from [01m[K/home/mm/longshan11_6/src/local/./include/localFuns.h:5[m[K,
[43.102s]                  from [01m[K/home/mm/longshan11_6/src/local/src/localFuns.cpp:1[m[K:
[43.103s] [01m[K/home/mm/longshan11_6/src/local/./include/toolKits.h:64:19:[m[K [01;35m[Kwarning: [m[Kinline function â€˜[01m[Kdouble tool::d2r(double)[m[Kâ€™ used but never defined
[43.103s]    64 |     inline double [01;35m[Kd2r[m[K(double theta);
[43.103s]       |                   [01;35m[K^~~[m[K
[49.755s] [ 27%] [32mBuilding CXX object CMakeFiles/local_node3.dir/src/local_dp_qp.cpp.o[0m
[55.413s] [ 33%] [32mBuilding CXX object CMakeFiles/local_node3.dir/src/local_node3.cpp.o[0m
[61.952s] [01m[K/home/mm/longshan11_6/src/local/src/local_node3.cpp:[m[K In member function â€˜[01m[Kstd::array<double, 6> local_trajs_node::Decidestartsl(tool::frentPoint&, int, bool, int, Eigen::MatrixXd&, Eigen::VectorXd&, bool)[m[Kâ€™:
[61.952s] [01m[K/home/mm/longshan11_6/src/local/src/local_node3.cpp:1547:99:[m[K [01;31m[Kerror: [m[Kno matching function for call to â€˜[01m[Kmin(int, size_t)[m[Kâ€™
[61.952s]  1547 | std::min(position_matched_index + 1, prev_trajectory_size - 1[01;31m[K)[m[K;
[61.952s]       |                                                              [01;31m[K^[m[K
[61.952s] 
[61.953s] In file included from [01m[K/usr/include/c++/9/memory:62[m[K,
[61.953s]                  from [01m[K/opt/ros/foxy/include/rclcpp/rclcpp.hpp:144[m[K,
[61.953s]                  from [01m[K/home/mm/longshan11_6/src/local/src/local_node3.cpp:1[m[K:
[61.953s] [01m[K/usr/include/c++/9/bits/stl_algobase.h:198:5:[m[K [01;36m[Knote: [m[Kcandidate: â€˜[01m[Ktemplate<class _Tp> constexpr const _Tp& std::min(const _Tp&, const _Tp&)[m[Kâ€™
[61.953s]   198 |     [01;36m[Kmin[m[K(const _Tp& __a, const _Tp& __b)
[61.953s]       |     [01;36m[K^~~[m[K
[61.953s] [01m[K/usr/include/c++/9/bits/stl_algobase.h:198:5:[m[K [01;36m[Knote: [m[K  template argument deduction/substitution failed:
[61.953s] [01m[K/home/mm/longshan11_6/src/local/src/local_node3.cpp:1547:99:[m[K [01;36m[Knote: [m[K  deduced conflicting types for parameter â€˜[01m[Kconst _Tp[m[Kâ€™ (â€˜[01m[Kint[m[Kâ€™ and â€˜[01m[Ksize_t[m[Kâ€™ {aka â€˜[01m[Klong unsigned int[m[Kâ€™})
[61.953s]  1547 | std::min(position_matched_index + 1, prev_trajectory_size - 1[01;36m[K)[m[K;
[61.954s]       |                                                              [01;36m[K^[m[K
[61.954s] 
[61.954s] In file included from [01m[K/usr/include/c++/9/memory:62[m[K,
[61.954s]                  from [01m[K/opt/ros/foxy/include/rclcpp/rclcpp.hpp:144[m[K,
[61.954s]                  from [01m[K/home/mm/longshan11_6/src/local/src/local_node3.cpp:1[m[K:
[61.954s] [01m[K/usr/include/c++/9/bits/stl_algobase.h:246:5:[m[K [01;36m[Knote: [m[Kcandidate: â€˜[01m[Ktemplate<class _Tp, class _Compare> constexpr const _Tp& std::min(const _Tp&, const _Tp&, _Compare)[m[Kâ€™
[61.954s]   246 |     [01;36m[Kmin[m[K(const _Tp& __a, const _Tp& __b, _Compare __comp)
[61.954s]       |     [01;36m[K^~~[m[K
[61.954s] [01m[K/usr/include/c++/9/bits/stl_algobase.h:246:5:[m[K [01;36m[Knote: [m[K  template argument deduction/substitution failed:
[61.954s] [01m[K/home/mm/longshan11_6/src/local/src/local_node3.cpp:1547:99:[m[K [01;36m[Knote: [m[K  deduced conflicting types for parameter â€˜[01m[Kconst _Tp[m[Kâ€™ (â€˜[01m[Kint[m[Kâ€™ and â€˜[01m[Ksize_t[m[Kâ€™ {aka â€˜[01m[Klong unsigned int[m[Kâ€™})
[61.954s]  1547 | std::min(position_matched_index + 1, prev_trajectory_size - 1[01;36m[K)[m[K;
[61.955s]       |                                                              [01;36m[K^[m[K
[61.955s] 
[61.955s] In file included from [01m[K/usr/include/c++/9/algorithm:62[m[K,
[61.955s]                  from [01m[K/opt/ros/foxy/include/rclcpp/executor.hpp:18[m[K,
[61.955s]                  from [01m[K/opt/ros/foxy/include/rclcpp/executors/multi_threaded_executor.hpp:26[m[K,
[61.955s]                  from [01m[K/opt/ros/foxy/include/rclcpp/executors.hpp:21[m[K,
[61.955s]                  from [01m[K/opt/ros/foxy/include/rclcpp/rclcpp.hpp:146[m[K,
[61.955s]                  from [01m[K/home/mm/longshan11_6/src/local/src/local_node3.cpp:1[m[K:
[61.955s] [01m[K/usr/include/c++/9/bits/stl_algo.h:3450:5:[m[K [01;36m[Knote: [m[Kcandidate: â€˜[01m[Ktemplate<class _Tp> constexpr _Tp std::min(std::initializer_list<_Tp>)[m[Kâ€™
[61.955s]  3450 |     [01;36m[Kmin[m[K(initializer_list<_Tp> __l)
[61.955s]       |     [01;36m[K^~~[m[K
[61.956s] [01m[K/usr/include/c++/9/bits/stl_algo.h:3450:5:[m[K [01;36m[Knote: [m[K  template argument deduction/substitution failed:
[61.956s] [01m[K/home/mm/longshan11_6/src/local/src/local_node3.cpp:1547:99:[m[K [01;36m[Knote: [m[K  mismatched types â€˜[01m[Kstd::initializer_list<_Tp>[m[Kâ€™ and â€˜[01m[Kint[m[Kâ€™
[61.956s]  1547 | std::min(position_matched_index + 1, prev_trajectory_size - 1[01;36m[K)[m[K;
[61.956s]       |                                                              [01;36m[K^[m[K
[61.956s] 
[61.956s] In file included from [01m[K/usr/include/c++/9/algorithm:62[m[K,
[61.956s]                  from [01m[K/opt/ros/foxy/include/rclcpp/executor.hpp:18[m[K,
[61.956s]                  from [01m[K/opt/ros/foxy/include/rclcpp/executors/multi_threaded_executor.hpp:26[m[K,
[61.956s]                  from [01m[K/opt/ros/foxy/include/rclcpp/executors.hpp:21[m[K,
[61.956s]                  from [01m[K/opt/ros/foxy/include/rclcpp/rclcpp.hpp:146[m[K,
[61.969s]                  from [01m[K/home/mm/longshan11_6/src/local/src/local_node3.cpp:1[m[K:
[61.969s] [01m[K/usr/include/c++/9/bits/stl_algo.h:3456:5:[m[K [01;36m[Knote: [m[Kcandidate: â€˜[01m[Ktemplate<class _Tp, class _Compare> constexpr _Tp std::min(std::initializer_list<_Tp>, _Compare)[m[Kâ€™
[61.969s]  3456 |     [01;36m[Kmin[m[K(initializer_list<_Tp> __l, _Compare __comp)
[61.969s]       |     [01;36m[K^~~[m[K
[61.969s] [01m[K/usr/include/c++/9/bits/stl_algo.h:3456:5:[m[K [01;36m[Knote: [m[K  template argument deduction/substitution failed:
[61.969s] [01m[K/home/mm/longshan11_6/src/local/src/local_node3.cpp:1547:99:[m[K [01;36m[Knote: [m[K  mismatched types â€˜[01m[Kstd::initializer_list<_Tp>[m[Kâ€™ and â€˜[01m[Kint[m[Kâ€™
[61.970s]  1547 | std::min(position_matched_index + 1, prev_trajectory_size - 1[01;36m[K)[m[K;
[61.970s]       |                                                              [01;36m[K^[m[K
[61.970s] 
[61.981s] [01m[K/home/mm/longshan11_6/src/local/src/local_node3.cpp:1567:47:[m[K [01;31m[Kerror: [m[Kâ€˜[01m[Kforward_time_index[m[Kâ€™ was not declared in this scope
[61.981s]  1567 |             prev_state << x , y, localpath(3, [01;31m[Kforward_time_index[m[K);
[61.981s]       |                                               [01;31m[K^~~~~~~~~~~~~~~~~~[m[K
[61.981s] [01m[K/home/mm/longshan11_6/src/local/src/local_node3.cpp:1586:83:[m[K [01;31m[Kerror: [m[Kno match for â€˜[01m[Koperator=[m[Kâ€™ (operand types are â€˜[01m[Kstd::array<double, 6>[m[Kâ€™ and â€˜[01m[K<brace-enclosed initializer list>[m[Kâ€™)
[61.982s]  1586 | path(2, prev_matched_index), localpath(6, prev_matched_index)[01;31m[K}[m[K;
[61.982s]       |                                                              [01;31m[K^[m[K
[61.982s] 
[61.982s] In file included from [01m[K/usr/include/c++/9/tuple:39[m[K,
[61.982s]                  from [01m[K/usr/include/c++/9/bits/unique_ptr.h:37[m[K,
[61.982s]                  from [01m[K/usr/include/c++/9/memory:80[m[K,
[61.982s]                  from [01m[K/opt/ros/foxy/include/rclcpp/rclcpp.hpp:144[m[K,
[61.982s]                  from [01m[K/home/mm/longshan11_6/src/local/src/local_node3.cpp:1[m[K:
[61.982s] [01m[K/usr/include/c++/9/array:94:12:[m[K [01;36m[Knote: [m[Kcandidate: â€˜[01m[Kconstexpr std::array<double, 6>& std::array<double, 6>::operator=(const std::array<double, 6>&)[m[Kâ€™
[61.982s]    94 |     struct [01;36m[Karray[m[K
[61.982s]       |            [01;36m[K^~~~~[m[K
[61.982s] [01m[K/usr/include/c++/9/array:94:12:[m[K [01;36m[Knote: [m[K  no known conversion for argument 1 from â€˜[01m[K<brace-enclosed initializer list>[m[Kâ€™ to â€˜[01m[Kconst std::array<double, 6>&[m[Kâ€™
[61.982s] [01m[K/usr/include/c++/9/array:94:12:[m[K [01;36m[Knote: [m[Kcandidate: â€˜[01m[Kconstexpr std::array<double, 6>& std::array<double, 6>::operator=(std::array<double, 6>&&)[m[Kâ€™
[61.983s] [01m[K/usr/include/c++/9/array:94:12:[m[K [01;36m[Knote: [m[K  no known conversion for argument 1 from â€˜[01m[K<brace-enclosed initializer list>[m[Kâ€™ to â€˜[01m[Kstd::array<double, 6>&&[m[Kâ€™
[67.015s] In file included from [01m[K/home/mm/longshan11_6/src/local/./include/localFuns.h:5[m[K,
[67.015s]                  from [01m[K/home/mm/longshan11_6/src/local/src/local_node3.cpp:14[m[K:
[67.015s] [01m[K/home/mm/longshan11_6/src/local/./include/toolKits.h:[m[K At global scope:
[67.015s] [01m[K/home/mm/longshan11_6/src/local/./include/toolKits.h:64:19:[m[K [01;35m[Kwarning: [m[Kinline function â€˜[01m[Kdouble tool::d2r(double)[m[Kâ€™ used but never defined
[67.015s]    64 |     inline double [01;35m[Kd2r[m[K(double theta);
[67.015s]       |                   [01;35m[K^~~[m[K
[67.756s] make[2]: *** [CMakeFiles/local_node3.dir/build.make:154ï¼šCMakeFiles/local_node3.dir/src/local_node3.cpp.o] é”™è¯¯ 1
[67.758s] make[1]: *** [CMakeFiles/Makefile2:78ï¼šCMakeFiles/local_node3.dir/all] é”™è¯¯ 2
[67.758s] make: *** [Makefile:141ï¼šall] é”™è¯¯ 2
[67.764s] Invoked command in '/home/mm/longshan11_6/build/local' returned '2': AMENT_PREFIX_PATH=/home/mm/longshan11_6/install/ros2_path_interfaces:${AMENT_PREFIX_PATH} CMAKE_PREFIX_PATH=/home/mm/longshan11_6/install/ros2_path_interfaces:/opt/ros/foxy LD_LIBRARY_PATH=/home/mm/longshan11_6/install/ros2_path_interfaces/lib:/usr/lib/x86_64-linux-gnu/gazebo-11/plugins:/opt/ros/foxy/opt/yaml_cpp_vendor/lib:/opt/ros/foxy/opt/rviz_ogre_vendor/lib:/opt/ros/foxy/lib/x86_64-linux-gnu:/opt/ros/foxy/lib:/usr/local/lib/libosqp.so PYTHONPATH=/home/mm/longshan11_6/install/ros2_path_interfaces/lib/python3.8/site-packages:${PYTHONPATH} /usr/bin/cmake --build /home/mm/longshan11_6/build/local -- -j4 -l4
