[0.034s] Invoking command in '/home/mm/longshan12_2/build/local': AMENT_PREFIX_PATH=/home/mm/longshan12_2/install/ros2_path_interfaces:${AMENT_PREFIX_PATH} CMAKE_PREFIX_PATH=/home/mm/longshan12_2/install/ros2_path_interfaces:/opt/ros/foxy LD_LIBRARY_PATH=/home/mm/longshan12_2/install/ros2_path_interfaces/lib:/usr/local/lib/libosqp.so:/usr/lib/x86_64-linux-gnu/gazebo-11/plugins:/opt/ros/foxy/opt/yaml_cpp_vendor/lib:/opt/ros/foxy/opt/rviz_ogre_vendor/lib:/opt/ros/foxy/lib/x86_64-linux-gnu:/opt/ros/foxy/lib:/usr/local/lib/libosqp.so PYTHONPATH=/home/mm/longshan12_2/install/ros2_path_interfaces/lib/python3.8/site-packages:${PYTHONPATH} /usr/bin/cmake --build /home/mm/longshan12_2/build/local -- -j4 -l4
[0.163s] [35m[1mScanning dependencies of target local_node4[0m
[0.235s] [  5%] [32mBuilding CXX object CMakeFiles/local_node4.dir/src/local_dp_qp.cpp.o[0m
[2.337s] [01m[K/home/mm/longshan12_2/src/local/src/local_dp_qp.cpp:[m[K In member function â€˜[01m[Kvoid local_dp_qp::GetSpeedLimit(Eigen::MatrixXd&, std::vector<Eigen::Matrix<double, 4, 1> >&, std::vector<double, std::allocator<double> >&)[m[Kâ€™:
[2.337s] [01m[K/home/mm/longshan12_2/src/local/src/local_dp_qp.cpp:812:27:[m[K [01;31m[Kerror: [m[Kexpected â€˜[01m[K;[m[Kâ€™ before â€˜[01m[Kdouble[m[Kâ€™
[2.337s]   812 |     }else{vehicle_position
[2.337s]       |                           [01;31m[K^[m[K
[2.337s]       |                           [32m[K;[m[K
[2.337s]   813 |       [32m[Kdouble[m[K speed = speedlimit_.front();
[2.337s]       |       [32m[K~~~~~~[m[K               
[2.339s] [01m[K/home/mm/longshan12_2/src/local/src/local_dp_qp.cpp:814:28:[m[K [01;31m[Kerror: [m[Kâ€˜[01m[Kspeed[m[Kâ€™ was not declared in this scope; did you mean â€˜[01m[Kspeed_[m[Kâ€™?
[2.339s]   814 |       double delta_speed = [01;31m[Kspeed[m[K / speedlimit_.size();//
[2.339s]       |                            [01;31m[K^~~~~[m[K
[2.340s]       |                            [32m[Kspeed_[m[K
[2.970s] make[2]: *** [CMakeFiles/local_node4.dir/build.make:141ï¼šCMakeFiles/local_node4.dir/src/local_dp_qp.cpp.o] é”™è¯¯ 1
[2.972s] make[1]: *** [CMakeFiles/Makefile2:78ï¼šCMakeFiles/local_node4.dir/all] é”™è¯¯ 2
[2.972s] make: *** [Makefile:141ï¼šall] é”™è¯¯ 2
[2.975s] Invoked command in '/home/mm/longshan12_2/build/local' returned '2': AMENT_PREFIX_PATH=/home/mm/longshan12_2/install/ros2_path_interfaces:${AMENT_PREFIX_PATH} CMAKE_PREFIX_PATH=/home/mm/longshan12_2/install/ros2_path_interfaces:/opt/ros/foxy LD_LIBRARY_PATH=/home/mm/longshan12_2/install/ros2_path_interfaces/lib:/usr/local/lib/libosqp.so:/usr/lib/x86_64-linux-gnu/gazebo-11/plugins:/opt/ros/foxy/opt/yaml_cpp_vendor/lib:/opt/ros/foxy/opt/rviz_ogre_vendor/lib:/opt/ros/foxy/lib/x86_64-linux-gnu:/opt/ros/foxy/lib:/usr/local/lib/libosqp.so PYTHONPATH=/home/mm/longshan12_2/install/ros2_path_interfaces/lib/python3.8/site-packages:${PYTHONPATH} /usr/bin/cmake --build /home/mm/longshan12_2/build/local -- -j4 -l4
