[0.061s] Invoking command in '/home/mm/longshan12_2/build/local': AMENT_PREFIX_PATH=/home/mm/longshan12_2/install/ros2_path_interfaces:${AMENT_PREFIX_PATH} CMAKE_PREFIX_PATH=/home/mm/longshan12_2/install/ros2_path_interfaces:/opt/ros/foxy LD_LIBRARY_PATH=/home/mm/longshan12_2/install/ros2_path_interfaces/lib:/usr/local/lib/libosqp.so:/usr/lib/x86_64-linux-gnu/gazebo-11/plugins:/opt/ros/foxy/opt/yaml_cpp_vendor/lib:/opt/ros/foxy/opt/rviz_ogre_vendor/lib:/opt/ros/foxy/lib/x86_64-linux-gnu:/opt/ros/foxy/lib:/usr/local/lib/libosqp.so PYTHONPATH=/home/mm/longshan12_2/install/ros2_path_interfaces/lib/python3.8/site-packages:${PYTHONPATH} /usr/bin/cmake --build /home/mm/longshan12_2/build/local -- -j4 -l4
[0.214s] [  5%] [32mBuilding CXX object CMakeFiles/local_node4.dir/src/local_node4.cpp.o[0m
[3.445s] [01m[K/home/mm/longshan12_2/src/local/src/local_node4.cpp:[m[K In constructor â€˜[01m[Klocal_trajs_node::local_trajs_node(std::string)[m[Kâ€™:
[3.445s] [01m[K/home/mm/longshan12_2/src/local/src/local_node4.cpp:75:17:[m[K [01;31m[Kerror: [m[Kâ€˜[01m[Kgetcwd[m[Kâ€™ was not declared in this scope; did you mean â€˜[01m[Kgetw[m[Kâ€™?
[3.445s]    75 |             if ([01;31m[Kgetcwd[m[K(buffer, sizeof(buffer)) != nullptr) {
[3.445s]       |                 [01;31m[K^~~~~~[m[K
[3.446s]       |                 [32m[Kgetw[m[K
[7.204s] In file included from [01m[K/home/mm/longshan12_2/src/local/./include/localFuns.h:5[m[K,
[7.204s]                  from [01m[K/home/mm/longshan12_2/src/local/src/local_node4.cpp:14[m[K:
[7.204s] [01m[K/home/mm/longshan12_2/src/local/./include/toolKits.h:[m[K At global scope:
[7.204s] [01m[K/home/mm/longshan12_2/src/local/./include/toolKits.h:64:19:[m[K [01;35m[Kwarning: [m[Kinline function â€˜[01m[Kdouble tool::d2r(double)[m[Kâ€™ used but never defined
[7.205s]    64 |     inline double [01;35m[Kd2r[m[K(double theta);
[7.205s]       |                   [01;35m[K^~~[m[K
[7.842s] make[2]: *** [CMakeFiles/local_node4.dir/build.make:167ï¼šCMakeFiles/local_node4.dir/src/local_node4.cpp.o] é”™è¯¯ 1
[7.842s] make[1]: *** [CMakeFiles/Makefile2:78ï¼šCMakeFiles/local_node4.dir/all] é”™è¯¯ 2
[7.842s] make: *** [Makefile:141ï¼šall] é”™è¯¯ 2
[7.843s] Invoked command in '/home/mm/longshan12_2/build/local' returned '2': AMENT_PREFIX_PATH=/home/mm/longshan12_2/install/ros2_path_interfaces:${AMENT_PREFIX_PATH} CMAKE_PREFIX_PATH=/home/mm/longshan12_2/install/ros2_path_interfaces:/opt/ros/foxy LD_LIBRARY_PATH=/home/mm/longshan12_2/install/ros2_path_interfaces/lib:/usr/local/lib/libosqp.so:/usr/lib/x86_64-linux-gnu/gazebo-11/plugins:/opt/ros/foxy/opt/yaml_cpp_vendor/lib:/opt/ros/foxy/opt/rviz_ogre_vendor/lib:/opt/ros/foxy/lib/x86_64-linux-gnu:/opt/ros/foxy/lib:/usr/local/lib/libosqp.so PYTHONPATH=/home/mm/longshan12_2/install/ros2_path_interfaces/lib/python3.8/site-packages:${PYTHONPATH} /usr/bin/cmake --build /home/mm/longshan12_2/build/local -- -j4 -l4
