[01m[K/home/mm/longshan12_2/src/control/src/control_node.cpp:193:13:[m[K [01;31m[Kerror: [m[Kexpected unqualified-id before ‚Äò[01m[Kelse[m[K‚Äô
  193 |             [01;31m[Kelse[m[K{
      |             [01;31m[K^~~~[m[K
[01m[K/home/mm/longshan12_2/src/control/src/control_node.cpp:196:10:[m[K [01;31m[Kerror: [m[Kexpected ‚Äò[01m[K;[m[K‚Äô after class definition
  196 |         }
      |          [01;31m[K^[m[K
      |          [32m[K;[m[K
[01m[K/home/mm/longshan12_2/src/control/src/control_node.cpp:[m[K In constructor ‚Äò[01m[Kcontrol_node::control_node(std::string)[m[K‚Äô:
[01m[K/home/mm/longshan12_2/src/control/src/control_node.cpp:37:13:[m[K [01;31m[Kerror: [m[K‚Äò[01m[Kgps_subscribe[m[K‚Äô was not declared in this scope
   37 |             [01;31m[Kgps_subscribe[m[K = this->create_subscription<std_msgs::msg::Float64MultiArray>("gps", 5, std::bind(&control_node::gps_callback, this, std::placeholders::_1));
      |             [01;31m[K^~~~~~~~~~~~~[m[K
[01m[K/home/mm/longshan12_2/src/control/src/control_node.cpp:39:13:[m[K [01;31m[Kerror: [m[K‚Äò[01m[Klocal_subscribe[m[K‚Äô was not declared in this scope; did you mean ‚Äò[01m[Kcount_subscribers[m[K‚Äô?
   39 |             [01;31m[Klocal_subscribe[m[K = this->create_subscription<std_msgs::msg::Float64MultiArray>("local_to_control_pub", 10, std::bind(&control_node::local_callback, this, std::placeholders::_1));
      |             [01;31m[K^~~~~~~~~~~~~~~[m[K
      |             [32m[Kcount_subscribers[m[K
[01m[K/home/mm/longshan12_2/src/control/src/control_node.cpp:39:144:[m[K [01;31m[Kerror: [m[K‚Äò[01m[Klocal_callback[m[K‚Äô is not a member of ‚Äò[01m[Kcontrol_node[m[K‚Äô
   39 |        local_subscribe = this->create_subscription<std_msgs::msg::Float64MultiArray>("local_to_control_pub", 10, std::bind(&control_node::[01;31m[Klocal_callback[m[K, this, std::placeholders::_1));
      |                                                                                                                                           [01;31m[K^~~~~~~~~~~~~~[m[K

[01m[K/home/mm/longshan12_2/src/control/src/control_node.cpp:44:13:[m[K [01;31m[Kerror: [m[K‚Äò[01m[Ksub_global[m[K‚Äô was not declared in this scope
   44 |             [01;31m[Ksub_global[m[K=this->create_subscription<std_msgs::msg::Float64MultiArray>("global_local_topic", 10, std::bind(&control_node::global_callback, this, std::placeholders::_1));
      |             [01;31m[K^~~~~~~~~~[m[K
[01m[K/home/mm/longshan12_2/src/control/src/control_node.cpp:44:135:[m[K [01;31m[Kerror: [m[K‚Äò[01m[Kglobal_callback[m[K‚Äô is not a member of ‚Äò[01m[Kcontrol_node[m[K‚Äô
   44 |             sub_global=this->create_subscription<std_msgs::msg::Float64MultiArray>("global_local_topic", 10, std::bind(&control_node::[01;31m[Kglobal_callback[m[K, this, std::placeholders::_1));
      |                                                                                                                                       [01;31m[K^~~~~~~~~~~~~~~[m[K
[01m[K/home/mm/longshan12_2/src/control/src/control_node.cpp:47:13:[m[K [01;31m[Kerror: [m[K‚Äò[01m[Ksub_cam[m[K‚Äô was not declared in this scope
   47 |             [01;31m[Ksub_cam[m[K = this->create_subscription<std_msgs::msg::Float64MultiArray>("cam_pub", 10, std::bind(&control_node::cam_callback, this, std::placeholders::_1));
      |             [01;31m[K^~~~~~~[m[K
[01m[K/home/mm/longshan12_2/src/control/src/control_node.cpp:47:123:[m[K [01;31m[Kerror: [m[K‚Äò[01m[Kcam_callback[m[K‚Äô is not a member of ‚Äò[01m[Kcontrol_node[m[K‚Äô
   47 |             sub_cam = this->create_subscription<std_msgs::msg::Float64MultiArray>("cam_pub", 10, std::bind(&control_node::[01;31m[Kcam_callback[m[K, this, std::placeholders::_1));
      |                                                                                                                           [01;31m[K^~~~~~~~~~~~[m[K
[01m[K/home/mm/longshan12_2/src/control/src/control_node.cpp:50:13:[m[K [01;31m[Kerror: [m[K‚Äò[01m[Ksub_lidar[m[K‚Äô was not declared in this scope
   50 |             [01;31m[Ksub_lidar[m[K = this->create_subscription<std_msgs::msg::Float64MultiArray>("pub_control_obses", 1, std::bind(&control_node::lidar_callback, this, std::placeholders::_1));
      |             [01;31m[K^~~~~~~~~[m[K
[01m[K/home/mm/longshan12_2/src/control/src/control_node.cpp:50:134:[m[K [01;31m[Kerror: [m[K‚Äò[01m[Klidar_callback[m[K‚Äô is not a member of ‚Äò[01m[Kcontrol_node[m[K‚Äô
   50 |             sub_lidar = this->create_subscription<std_msgs::msg::Float64MultiArray>("pub_control_obses", 1, std::bind(&control_node::[01;31m[Klidar_callback[m[K, this, std::placeholders::_1));
      |                                                                                                                                      [01;31m[K^~~~~~~~~~~~~~[m[K
[01m[K/home/mm/longshan12_2/src/control/src/control_node.cpp:52:13:[m[K [01;31m[Kerror: [m[K‚Äò[01m[Kpub_can[m[K‚Äô was not declared in this scope
   52 |             [01;31m[Kpub_can[m[K= this->create_publisher<std_msgs::msg::Float32MultiArray>("/control_pub",1);
      |             [01;31m[K^~~~~~~[m[K
[01m[K/home/mm/longshan12_2/src/control/src/control_node.cpp:54:13:[m[K [01;31m[Kerror: [m[K‚Äò[01m[Ksub_DecelerateFlag[m[K‚Äô was not declared in this scope
   54 |             [01;31m[Ksub_DecelerateFlag[m[K= this->create_subscription<std_msgs::msg::Int32>("pub_DecelerateFlag", 5, std::bind(&control_node::subDecelerateFlag, this, std::placeholders::_1));
      |             [01;31m[K^~~~~~~~~~~~~~~~~~[m[K
[01m[K/home/mm/longshan12_2/src/control/src/control_node.cpp:54:131:[m[K [01;31m[Kerror: [m[K‚Äò[01m[KsubDecelerateFlag[m[K‚Äô is not a member of ‚Äò[01m[Kcontrol_node[m[K‚Äô
   54 |             sub_DecelerateFlag= this->create_subscription<std_msgs::msg::Int32>("pub_DecelerateFlag", 5, std::bind(&control_node::[01;31m[KsubDecelerateFlag[m[K, this, std::placeholders::_1));
      |                                                                                                                                   [01;31m[K^~~~~~~~~~~~~~~~~[m[K
[01m[K/home/mm/longshan12_2/src/control/src/control_node.cpp:57:13:[m[K [01;31m[Kerror: [m[K‚Äò[01m[Kpub_speed[m[K‚Äô was not declared in this scope
   57 |             [01;31m[Kpub_speed[m[K = this->create_publisher<std_msgs::msg::Float32>("/speed_topic",1);
      |             [01;31m[K^~~~~~~~~[m[K
[01m[K/home/mm/longshan12_2/src/control/src/control_node.cpp:58:13:[m[K [01;31m[Kerror: [m[K‚Äò[01m[Kpub_error[m[K‚Äô was not declared in this scope; did you mean ‚Äò[01m[Kperror[m[K‚Äô?
   58 |             [01;31m[Kpub_error[m[K = this->create_publisher<std_msgs::msg::Float32>("/error_topic",1);
      |             [01;31m[K^~~~~~~~~[m[K
      |             [32m[Kperror[m[K
[01m[K/home/mm/longshan12_2/src/control/src/control_node.cpp:59:13:[m[K [01;31m[Kerror: [m[K‚Äò[01m[Kpub_steer_angle[m[K‚Äô was not declared in this scope
   59 |             [01;31m[Kpub_steer_angle[m[K = this->create_publisher<std_msgs::msg::Float32MultiArray>("/steer_angle_topic",1);
      |             [01;31m[K^~~~~~~~~~~~~~~[m[K
[01m[K/home/mm/longshan12_2/src/control/src/control_node.cpp:61:13:[m[K [01;31m[Kerror: [m[K‚Äò[01m[Kspeed_gears_subscribe[m[K‚Äô was not declared in this scope
   61 |             [01;31m[Kspeed_gears_subscribe[m[K = this->create_subscription<std_msgs::msg::Int64MultiArray>("speed_gears_pub", 10, std::bind(&control_node::speed_gears_callback, this, std::placeholders::_1));
      |             [01;31m[K^~~~~~~~~~~~~~~~~~~~~[m[K
[01m[K/home/mm/longshan12_2/src/control/src/control_node.cpp:61:143:[m[K [01;31m[Kerror: [m[K‚Äò[01m[Kspeed_gears_callback[m[K‚Äô is not a member of ‚Äò[01m[Kcontrol_node[m[K‚Äô
   61 |         speed_gears_subscribe = this->create_subscription<std_msgs::msg::Int64MultiArray>("speed_gears_pub", 10, std::bind(&control_node::[01;31m[Kspeed_gears_callback[m[K, this, std::placeholders::_1));
      |                                                                                                                                           [01;31m[K^~~~~~~~~~~~~~~~~~~~[m[K

[01m[K/home/mm/longshan12_2/src/control/src/control_node.cpp:65:13:[m[K [01;31m[Kerror: [m[K‚Äò[01m[KoendTime[m[K‚Äô was not declared in this scope
   65 |             [01;31m[KoendTime[m[K = std::chrono::steady_clock::now();
      |             [01;31m[K^~~~~~~~[m[K
[01m[K/home/mm/longshan12_2/src/control/src/control_node.cpp:66:13:[m[K [01;31m[Kerror: [m[K‚Äò[01m[KsTime[m[K‚Äô was not declared in this scope
   66 |             [01;31m[KsTime[m[K = std::chrono::steady_clock::now();
      |             [01;31m[K^~~~~[m[K
[01m[K/home/mm/longshan12_2/src/control/src/control_node.cpp:68:13:[m[K [01;31m[Kerror: [m[K‚Äò[01m[Ktimer0[m[K‚Äô was not declared in this scope; did you mean ‚Äò[01m[Ktimegm[m[K‚Äô?
   68 |             [01;31m[Ktimer0[m[K = this->create_wall_timer(std::chrono::milliseconds(20), std::bind(&control_node::timer_can_callback0, this));
      |             [01;31m[K^~~~~~[m[K
      |             [32m[Ktimegm[m[K
[01m[K/home/mm/longshan12_2/src/control/src/control_node.cpp:70:13:[m[K [01;31m[Kerror: [m[K‚Äò[01m[Kofs[m[K‚Äô was not declared in this scope; did you mean ‚Äò[01m[Kffs[m[K‚Äô?
   70 |             [01;31m[Kofs[m[K.open(fileName);
      |             [01;31m[K^~~[m[K
      |             [32m[Kffs[m[K
[01m[K/home/mm/longshan12_2/src/control/src/control_node.cpp:70:22:[m[K [01;31m[Kerror: [m[K‚Äò[01m[KfileName[m[K‚Äô was not declared in this scope
   70 |             ofs.open([01;31m[KfileName[m[K);
      |                      [01;31m[K^~~~~~~~[m[K
[01m[K/home/mm/longshan12_2/src/control/src/control_node.cpp:72:13:[m[K [01;31m[Kerror: [m[K‚Äò[01m[Kpid[m[K‚Äô was not declared in this scope
   72 |             [01;31m[Kpid[m[K.setPID(kp,ki,kd);
      |             [01;31m[K^~~[m[K
[01m[K/home/mm/longshan12_2/src/control/src/control_node.cpp:73:13:[m[K [01;31m[Kerror: [m[K‚Äò[01m[KInitializeFilters[m[K‚Äô was not declared in this scope
   73 |             [01;31m[KInitializeFilters[m[K();
      |             [01;31m[K^~~~~~~~~~~~~~~~~[m[K
[01m[K/home/mm/longshan12_2/src/control/src/control_node.cpp:[m[K In member function ‚Äò[01m[Kvoid control_node::gps_callback(std_msgs::msg::Float64MultiArray_<std::allocator<void> >::SharedPtr)[m[K‚Äô:
[01m[K/home/mm/longshan12_2/src/control/src/control_node.cpp:80:17:[m[K [01;31m[Kerror: [m[K‚Äò[01m[Kgpsx[m[K‚Äô was not declared in this scope
   80 |                 [01;31m[Kgpsx[m[K = msg->data[0];
      |                 [01;31m[K^~~~[m[K
[01m[K/home/mm/longshan12_2/src/control/src/control_node.cpp:81:17:[m[K [01;31m[Kerror: [m[K‚Äò[01m[Kgpsy[m[K‚Äô was not declared in this scope
   81 |                 [01;31m[Kgpsy[m[K = msg->data[1];
      |                 [01;31m[K^~~~[m[K
[01m[K/home/mm/longshan12_2/src/control/src/control_node.cpp:82:17:[m[K [01;31m[Kerror: [m[K‚Äò[01m[KgpsD[m[K‚Äô was not declared in this scope
   82 |                 [01;31m[KgpsD[m[K = msg->data[2];
      |                 [01;31m[K^~~~[m[K
[01m[K/home/mm/longshan12_2/src/control/src/control_node.cpp:83:17:[m[K [01;31m[Kerror: [m[K‚Äò[01m[KgpsS[m[K‚Äô was not declared in this scope
   83 |                 [01;31m[KgpsS[m[K = msg->data[3];
      |                 [01;31m[K^~~~[m[K
[01m[K/home/mm/longshan12_2/src/control/src/control_node.cpp:84:17:[m[K [01;31m[Kerror: [m[K‚Äò[01m[KgpsA[m[K‚Äô was not declared in this scope
   84 |                 [01;31m[KgpsA[m[K = msg->data[7];
      |                 [01;31m[K^~~~[m[K
[01m[K/home/mm/longshan12_2/src/control/src/control_node.cpp:85:17:[m[K [01;31m[Kerror: [m[K‚Äò[01m[Kcar[m[K‚Äô was not declared in this scope; did you mean ‚Äò[01m[Kchar[m[K‚Äô?
   85 |                 [01;31m[Kcar[m[K.resize(5,1);
      |                 [01;31m[K^~~[m[K
      |                 [32m[Kchar[m[K
[01m[K/home/mm/longshan12_2/src/control/src/control_node.cpp:[m[K In member function ‚Äò[01m[Kvoid control_node::timer_can_callback0()[m[K‚Äô:
[01m[K/home/mm/longshan12_2/src/control/src/control_node.cpp:94:16:[m[K [01;31m[Kerror: [m[K‚Äò[01m[Krun_stop_flag[m[K‚Äô was not declared in this scope
   94 |             if([01;31m[Krun_stop_flag[m[K){
      |                [01;31m[K^~~~~~~~~~~~~[m[K
[01m[K/home/mm/longshan12_2/src/control/src/control_node.cpp:96:21:[m[K [01;31m[Kerror: [m[K‚Äò[01m[KinterpolationoptTrajxy[m[K‚Äô was not declared in this scope
   96 |                 if(([01;31m[KinterpolationoptTrajxy[m[K.array() != 0.0).any() == 0||interpolationoptTrajxy.cols()== 1) {
      |                     [01;31m[K^~~~~~~~~~~~~~~~~~~~~~[m[K
[01m[K/home/mm/longshan12_2/src/control/src/control_node.cpp:98:21:[m[K [01;31m[Kerror: [m[K‚Äò[01m[KnewSpeedRef[m[K‚Äô was not declared in this scope
   98 |                     [01;31m[KnewSpeedRef[m[K=0;
      |                     [01;31m[K^~~~~~~~~~~[m[K
[01m[K/home/mm/longshan12_2/src/control/src/control_node.cpp:102:22:[m[K [01;31m[Kerror: [m[K‚Äò[01m[Kobs_lidar[m[K‚Äô was not declared in this scope
  102 |                 if (([01;31m[Kobs_lidar[m[K.array()!=0.0).any()==0){
      |                      [01;31m[K^~~~~~~~~[m[K
[01m[K/home/mm/longshan12_2/src/control/src/control_node.cpp:107:39:[m[K [01;31m[Kerror: [m[K‚Äò[01m[Kobs_lidar[m[K‚Äô was not declared in this scope
  107 |                 double min_long_dis = [01;31m[Kobs_lidar[m[K.row(0).minCoeff(&minCol);
      |                                       [01;31m[K^~~~~~~~~[m[K
[01m[K/home/mm/longshan12_2/src/control/src/control_node.cpp:111:21:[m[K [01;31m[Kerror: [m[K‚Äò[01m[Kcar[m[K‚Äô was not declared in this scope; did you mean ‚Äò[01m[Kchar[m[K‚Äô?
  111 |                 if ([01;31m[Kcar[m[K.size()!=0){
      |                     [01;31m[K^~~[m[K
      |                     [32m[Kchar[m[K
[01m[K/home/mm/longshan12_2/src/control/src/control_node.cpp:112:45:[m[K [01;31m[Kerror: [m[K‚Äò[01m[KglobalPath[m[K‚Äô was not declared in this scope
  112 |                     carfindClosestPoint(car,[01;31m[KglobalPath[m[K,mindex);
      |                                             [01;31m[K^~~~~~~~~~[m[K
[01m[K/home/mm/longshan12_2/src/control/src/control_node.cpp:112:21:[m[K [01;31m[Kerror: [m[K‚Äò[01m[KcarfindClosestPoint[m[K‚Äô was not declared in this scope; did you mean ‚Äò[01m[Klocal::carfindClosestPoint[m[K‚Äô?
  112 |                     [01;31m[KcarfindClosestPoint[m[K(car,globalPath,mindex);
      |                     [01;31m[K^~~~~~~~~~~~~~~~~~~[m[K
      |                     [32m[Klocal::carfindClosestPoint[m[K
In file included from [01m[K/home/mm/longshan12_2/src/control/src/control_node.cpp:13[m[K:
[01m[K/home/mm/longshan12_2/src/control/./include/localFuns.h:14:10:[m[K [01;36m[Knote: [m[K‚Äò[01m[Klocal::carfindClosestPoint[m[K‚Äô declared here
   14 |     void [01;36m[KcarfindClosestPoint[m[K(const Eigen::VectorXd& realPosition, const Eigen::MatrixXd& globalPath, int& minIndex);
      |          [01;36m[K^~~~~~~~~~~~~~~~~~~[m[K
[01m[K/home/mm/longshan12_2/src/control/src/control_node.cpp:114:28:[m[K [01;31m[Kerror: [m[Koverloaded function with no contextual type information
  114 |                     index =[01;31m[Kmindex[m[K;
      |                            [01;31m[K^~~~~~[m[K
[01m[K/home/mm/longshan12_2/src/control/src/control_node.cpp:120:70:[m[K [01;31m[Kerror: [m[K‚Äò[01m[KinterpolationoptTrajxy[m[K‚Äô was not declared in this scope
  120 |                     int pre_closestIndex = std::min(static_cast<int>([01;31m[KinterpolationoptTrajxy[m[K.cols()-1), closestIndex+1);
      |                                                                      [01;31m[K^~~~~~~~~~~~~~~~~~~~~~[m[K
[01m[K/home/mm/longshan12_2/src/control/src/control_node.cpp:120:104:[m[K [01;31m[Kerror: [m[K‚Äò[01m[KclosestIndex[m[K‚Äô was not declared in this scope; did you mean ‚Äò[01m[Kpre_closestIndex[m[K‚Äô?
  120 |                     int pre_closestIndex = std::min(static_cast<int>(interpolationoptTrajxy.cols()-1), [01;31m[KclosestIndex[m[K+1);
      |                                                                                                        [01;31m[K^~~~~~~~~~~~[m[K
      |                                                                                                        [32m[Kpre_closestIndex[m[K
[01m[K/home/mm/longshan12_2/src/control/src/control_node.cpp:126:25:[m[K [01;31m[Kerror: [m[K‚Äò[01m[KnewSpeedRef[m[K‚Äô was not declared in this scope
  126 |                         [01;31m[KnewSpeedRef[m[K = std::abs(target_v) * 3.6;//ÊåâÁÖßÂ±ÄÈÉ®Ë∑ØÂæÑÈáåÁöÑÈÄüÂ∫¶ËøõË°åË°åÈ©∂
      |                         [01;31m[K^~~~~~~~~~~[m[K
[01m[K/home/mm/longshan12_2/src/control/src/control_node.cpp:128:25:[m[K [01;31m[Kerror: [m[K‚Äò[01m[Kcurrent_v[m[K‚Äô was not declared in this scope
  128 |                         [01;31m[Kcurrent_v[m[K = current_v + a * 0.01;// v =v +at
      |                         [01;31m[K^~~~~~~~~[m[K
[01m[K/home/mm/longshan12_2/src/control/src/control_node.cpp:136:29:[m[K [01;31m[Kerror: [m[K‚Äò[01m[KnewSpeedRef[m[K‚Äô was not declared in this scope
  136 |                             [01;31m[KnewSpeedRef[m[K = std::ceil((current_v * 3.6));
      |                             [01;31m[K^~~~~~~~~~~[m[K
[01m[K/home/mm/longshan12_2/src/control/src/control_node.cpp:142:29:[m[K [01;31m[Kerror: [m[K‚Äò[01m[KnewSpeedRef[m[K‚Äô was not declared in this scope
  142 |                             [01;31m[KnewSpeedRef[m[K = std::ceil((current_v *3.6));//
      |                             [01;31m[K^~~~~~~~~~~[m[K
[01m[K/home/mm/longshan12_2/src/control/src/control_node.cpp:151:53:[m[K [01;31m[Kerror: [m[K‚Äò[01m[Kcar[m[K‚Äô was not declared in this scope; did you mean ‚Äò[01m[Kchar[m[K‚Äô?
  151 |                     vehicle_state = std::make_tuple([01;31m[Kcar[m[K(0), car(1), car(3), car(2), gpsA);
      |                                                     [01;31m[K^~~[m[K
      |                                                     [32m[Kchar[m[K
[01m[K/home/mm/longshan12_2/src/control/src/control_node.cpp:151:85:[m[K [01;31m[Kerror: [m[K‚Äò[01m[KgpsA[m[K‚Äô was not declared in this scope
  151 |                     vehicle_state = std::make_tuple(car(0), car(1), car(3), car(2), [01;31m[KgpsA[m[K);
      |                                                                                     [01;31m[K^~~~[m[K
[01m[K/home/mm/longshan12_2/src/control/src/control_node.cpp:152:21:[m[K [01;31m[Kerror: [m[K‚Äò[01m[Kloncontroller_[m[K‚Äô was not declared in this scope; did you mean ‚Äò[01m[Kloncontroller[m[K‚Äô?
  152 |                     [01;31m[Kloncontroller_[m[K.Init(closestIndex, vehicle_state, localpath_time);
      |                     [01;31m[K^~~~~~~~~~~~~~[m[K
      |                     [32m[Kloncontroller[m[K
[01m[K/home/mm/longshan12_2/src/control/src/control_node.cpp:152:41:[m[K [01;31m[Kerror: [m[K‚Äò[01m[KclosestIndex[m[K‚Äô was not declared in this scope
  152 |                     loncontroller_.Init([01;31m[KclosestIndex[m[K, vehicle_state, localpath_time);
      |                                         [01;31m[K^~~~~~~~~~~~[m[K
[01m[K/home/mm/longshan12_2/src/control/src/control_node.cpp:152:70:[m[K [01;31m[Kerror: [m[K‚Äò[01m[Klocalpath_time[m[K‚Äô was not declared in this scope; did you mean ‚Äò[01m[Klocaltime[m[K‚Äô?
  152 |                     loncontroller_.Init(closestIndex, vehicle_state, [01;31m[Klocalpath_time[m[K);
      |                                                                      [01;31m[K^~~~~~~~~~~~~~[m[K
      |                                                                      [32m[Klocaltime[m[K
[01m[K/home/mm/longshan12_2/src/control/src/control_node.cpp:153:58:[m[K [01;31m[Kerror: [m[K‚Äò[01m[KinterpolationoptTrajxy[m[K‚Äô was not declared in this scope
  153 |                     loncontroller_.ComputeControlCommand([01;31m[KinterpolationoptTrajxy[m[K, a);
      |                                                          [01;31m[K^~~~~~~~~~~~~~~~~~~~~~[m[K
[01m[K/home/mm/longshan12_2/src/control/src/control_node.cpp:155:21:[m[K [01;31m[Kerror: [m[K‚Äò[01m[Kcurrent_v[m[K‚Äô was not declared in this scope
  155 |                     [01;31m[Kcurrent_v[m[K = current_v + a * 0.01;
      |                     [01;31m[K^~~~~~~~~[m[K
[01m[K/home/mm/longshan12_2/src/control/src/control_node.cpp:157:21:[m[K [01;31m[Kerror: [m[K‚Äò[01m[KnewSpeedRef[m[K‚Äô was not declared in this scope
  157 |                     [01;31m[KnewSpeedRef[m[K = std::round(current_v * 3.6);
      |                     [01;31m[K^~~~~~~~~~~[m[K
[01m[K/home/mm/longshan12_2/src/control/src/control_node.cpp:161:34:[m[K [01;31m[Kerror: [m[K‚Äò[01m[Kcurrent_v[m[K‚Äô was not declared in this scope
  161 |                 speed_msg.data = [01;31m[Kcurrent_v[m[K;
      |                                  [01;31m[K^~~~~~~~~[m[K
[01m[K/home/mm/longshan12_2/src/control/src/control_node.cpp:162:17:[m[K [01;31m[Kerror: [m[K‚Äò[01m[Kpub_speed[m[K‚Äô was not declared in this scope
  162 |                 [01;31m[Kpub_speed[m[K->publish(speed_msg);
      |                 [01;31m[K^~~~~~~~~[m[K
[01m[K/home/mm/longshan12_2/src/control/src/control_node.cpp:164:17:[m[K [01;31m[Kerror: [m[K‚Äò[01m[Ksw[m[K‚Äô was not declared in this scope
  164 |                 [01;31m[Ksw[m[K = CalculateSteerAngle(index);
      |                 [01;31m[K^~[m[K
[01m[K/home/mm/longshan12_2/src/control/src/control_node.cpp:164:22:[m[K [01;31m[Kerror: [m[K‚Äò[01m[KCalculateSteerAngle[m[K‚Äô was not declared in this scope
  164 |                 sw = [01;31m[KCalculateSteerAngle[m[K(index);
      |                      [01;31m[K^~~~~~~~~~~~~~~~~~~[m[K
[01m[K/home/mm/longshan12_2/src/control/src/control_node.cpp:166:30:[m[K [01;31m[Kerror: [m[K‚Äò[01m[KmaxIndex[m[K‚Äô was not declared in this scope; did you mean ‚Äò[01m[Kmindex[m[K‚Äô?
  166 |                 if((index > ([01;31m[KmaxIndex[m[K - 40))){
      |                              [01;31m[K^~~~~~~~[m[K
      |                              [32m[Kmindex[m[K
[01m[K/home/mm/longshan12_2/src/control/src/control_node.cpp:168:21:[m[K [01;31m[Kerror: [m[K‚Äò[01m[KSendCan[m[K‚Äô was not declared in this scope
  168 |                     [01;31m[KSendCan[m[K(0,1,0,1,0);
      |                     [01;31m[K^~~~~~~[m[K
[01m[K/home/mm/longshan12_2/src/control/src/control_node.cpp:170:47:[m[K [01;31m[Kerror: [m[K‚Äò[01m[Kcar[m[K‚Äô was not declared in this scope; did you mean ‚Äò[01m[Kchar[m[K‚Äô?
  170 |                     std::cout << "car.v: " << [01;31m[Kcar[m[K(2) << std::endl;
      |                                               [01;31m[K^~~[m[K
      |                                               [32m[Kchar[m[K
[01m[K/home/mm/longshan12_2/src/control/src/control_node.cpp:171:24:[m[K [01;31m[Kerror: [m[K‚Äò[01m[KgpsS[m[K‚Äô was not declared in this scope
  171 |                     if([01;31m[KgpsS[m[K < 0.03){
      |                        [01;31m[K^~~~[m[K
[01m[K/home/mm/longshan12_2/src/control/src/control_node.cpp:180:25:[m[K [01;31m[Kerror: [m[K‚Äò[01m[KclosestIndex[m[K‚Äô was not declared in this scope
  180 |                     if ([01;31m[KclosestIndex[m[K > interpolationoptTrajxy.cols() - 2) { //‰πüÂ∞±ÊòØ2mÁöÑË∑ùÁ¶ª
      |                         [01;31m[K^~~~~~~~~~~~[m[K
[01m[K/home/mm/longshan12_2/src/control/src/control_node.cpp:180:40:[m[K [01;31m[Kerror: [m[K‚Äò[01m[KinterpolationoptTrajxy[m[K‚Äô was not declared in this scope
  180 |                     if (closestIndex > [01;31m[KinterpolationoptTrajxy[m[K.cols() - 2) { //‰πüÂ∞±ÊòØ2mÁöÑË∑ùÁ¶ª
      |                                        [01;31m[K^~~~~~~~~~~~~~~~~~~~~~[m[K
[01m[K/home/mm/longshan12_2/src/control/src/control_node.cpp:181:25:[m[K [01;31m[Kerror: [m[K‚Äò[01m[KSendCan[m[K‚Äô was not declared in this scope
  181 |                         [01;31m[KSendCan[m[K(0,2,sw,1,1);
      |                         [01;31m[K^~~~~~~[m[K
[01m[K/home/mm/longshan12_2/src/control/src/control_node.cpp:183:44:[m[K [01;31m[Kerror: [m[K‚Äò[01m[KnewSpeedRef[m[K‚Äô was not declared in this scope
  183 |                         SendCan(std::round([01;31m[KnewSpeedRef[m[K),2,sw,0,1);
      |                                            [01;31m[K^~~~~~~~~~~[m[K
[01m[K/home/mm/longshan12_2/src/control/src/control_node.cpp:183:25:[m[K [01;31m[Kerror: [m[K‚Äò[01m[KSendCan[m[K‚Äô was not declared in this scope
  183 |                         [01;31m[KSendCan[m[K(std::round(newSpeedRef),2,sw,0,1);
      |                         [01;31m[K^~~~~~~[m[K
[01m[K/home/mm/longshan12_2/src/control/src/control_node.cpp:107:24:[m[K [01;35m[Kwarning: [m[Kunused variable ‚Äò[01m[Kmin_long_dis[m[K‚Äô [[01;35m[K-Wunused-variable[m[K]
  107 |                 double [01;35m[Kmin_long_dis[m[K = obs_lidar.row(0).minCoeff(&minCol);
      |                        [01;35m[K^~~~~~~~~~~~[m[K
[01m[K/home/mm/longshan12_2/src/control/src/control_node.cpp:[m[K In function ‚Äò[01m[Kvoid cam_callback(std_msgs::msg::Float64MultiArray_<std::allocator<void> >::SharedPtr)[m[K‚Äô:
[01m[K/home/mm/longshan12_2/src/control/src/control_node.cpp:204:17:[m[K [01;31m[Kerror: [m[K‚Äò[01m[Kobs_cam[m[K‚Äô was not declared in this scope
  204 |                 [01;31m[Kobs_cam[m[K.setOnes(5, cols);
      |                 [01;31m[K^~~~~~~[m[K
[01m[K/home/mm/longshan12_2/src/control/src/control_node.cpp:209:17:[m[K [01;31m[Kerror: [m[K‚Äò[01m[Kobs_cam[m[K‚Äô was not declared in this scope
  209 |                 [01;31m[Kobs_cam[m[K.setZero(5, cols);
      |                 [01;31m[K^~~~~~~[m[K
[01m[K/home/mm/longshan12_2/src/control/src/control_node.cpp:[m[K In function ‚Äò[01m[Kvoid lidar_callback(std_msgs::msg::Float64MultiArray_<std::allocator<void> >::SharedPtr)[m[K‚Äô:
[01m[K/home/mm/longshan12_2/src/control/src/control_node.cpp:223:17:[m[K [01;31m[Kerror: [m[K‚Äò[01m[Kobs_lidar[m[K‚Äô was not declared in this scope
  223 |                 [01;31m[Kobs_lidar[m[K.setOnes(2,1); //Ê≤°ÊúâÊé•Êî∂Âà∞Ê∂àÊÅØ ÊøÄÂÖâÈõ∑ËææÁöÑÂÇ®Â≠òÈòüÂàó‰∏∫1
      |                 [01;31m[K^~~~~~~~~[m[K
[01m[K/home/mm/longshan12_2/src/control/src/control_node.cpp:228:17:[m[K [01;31m[Kerror: [m[K‚Äò[01m[Kobs_lidar[m[K‚Äô was not declared in this scope
  228 |                 [01;31m[Kobs_lidar[m[K.resize(2,cols);
      |                 [01;31m[K^~~~~~~~~[m[K
[01m[K/home/mm/longshan12_2/src/control/src/control_node.cpp:[m[K In function ‚Äò[01m[Kvoid global_callback(std_msgs::msg::Float64MultiArray_<std::allocator<void> >::SharedPtr)[m[K‚Äô:
[01m[K/home/mm/longshan12_2/src/control/src/control_node.cpp:239:17:[m[K [01;31m[Kerror: [m[K‚Äò[01m[KglobalPath[m[K‚Äô was not declared in this scope
  239 |                 [01;31m[KglobalPath[m[K.resize(7, cols);
      |                 [01;31m[K^~~~~~~~~~[m[K
[01m[K/home/mm/longshan12_2/src/control/src/control_node.cpp:241:17:[m[K [01;31m[Kerror: [m[K‚Äò[01m[KmaxIndex[m[K‚Äô was not declared in this scope
  241 |                 [01;31m[KmaxIndex[m[K = cols;
      |                 [01;31m[K^~~~~~~~[m[K
[01m[K/home/mm/longshan12_2/src/control/src/control_node.cpp:[m[K In function ‚Äò[01m[Kvoid local_callback(std_msgs::msg::Float64MultiArray_<std::allocator<void> >::SharedPtr)[m[K‚Äô:
[01m[K/home/mm/longshan12_2/src/control/src/control_node.cpp:251:17:[m[K [01;31m[Kerror: [m[K‚Äò[01m[KoptTrajxy[m[K‚Äô was not declared in this scope
  251 |                 [01;31m[KoptTrajxy[m[K.resize(1,1);
      |                 [01;31m[K^~~~~~~~~[m[K
[01m[K/home/mm/longshan12_2/src/control/src/control_node.cpp:256:17:[m[K [01;31m[Kerror: [m[K‚Äò[01m[Klocalpath_time[m[K‚Äô was not declared in this scope; did you mean ‚Äò[01m[Klocaltime[m[K‚Äô?
  256 |                 [01;31m[Klocalpath_time[m[K = (int)msg->data.back();//Ëé∑ÂèñËΩ¶ËæÜÊó∂Èó¥
      |                 [01;31m[K^~~~~~~~~~~~~~[m[K
      |                 [32m[Klocaltime[m[K
[01m[K/home/mm/longshan12_2/src/control/src/control_node.cpp:261:17:[m[K [01;31m[Kerror: [m[K‚Äò[01m[KoptTrajxy[m[K‚Äô was not declared in this scope
  261 |                 [01;31m[KoptTrajxy[m[K.resize(9, cols);
      |                 [01;31m[K^~~~~~~~~[m[K
[01m[K/home/mm/longshan12_2/src/control/src/control_node.cpp:265:17:[m[K [01;31m[Kerror: [m[K‚Äò[01m[KinterpolationoptTrajxy[m[K‚Äô was not declared in this scope
  265 |                 [01;31m[KinterpolationoptTrajxy[m[K = optTrajxy;
      |                 [01;31m[K^~~~~~~~~~~~~~~~~~~~~~[m[K
[01m[K/home/mm/longshan12_2/src/control/src/control_node.cpp:[m[K In function ‚Äò[01m[Kvoid local_callback0(std_msgs::msg::Float64MultiArray_<std::allocator<void> >::SharedPtr)[m[K‚Äô:
[01m[K/home/mm/longshan12_2/src/control/src/control_node.cpp:273:17:[m[K [01;31m[Kerror: [m[K‚Äò[01m[KoptTrajxy0[m[K‚Äô was not declared in this scope
  273 |                 [01;31m[KoptTrajxy0[m[K.resize(1,1);
      |                 [01;31m[K^~~~~~~~~~[m[K
[01m[K/home/mm/longshan12_2/src/control/src/control_node.cpp:279:17:[m[K [01;31m[Kerror: [m[K‚Äò[01m[KoptTrajxy0[m[K‚Äô was not declared in this scope
  279 |                 [01;31m[KoptTrajxy0[m[K.resize(9, cols);
      |                 [01;31m[K^~~~~~~~~~[m[K
[01m[K/home/mm/longshan12_2/src/control/src/control_node.cpp:[m[K In function ‚Äò[01m[Kvoid speed_gears_callback(std_msgs::msg::Int64MultiArray_<std::allocator<void> >::SharedPtr)[m[K‚Äô:
[01m[K/home/mm/longshan12_2/src/control/src/control_node.cpp:289:13:[m[K [01;31m[Kerror: [m[K‚Äò[01m[Krun_stop_flag[m[K‚Äô was not declared in this scope
  289 |             [01;31m[Krun_stop_flag[m[K = (bool)msg->data[2];
      |             [01;31m[K^~~~~~~~~~~~~[m[K
[01m[K/home/mm/longshan12_2/src/control/src/control_node.cpp:291:17:[m[K [01;31m[Kerror: [m[K‚Äò[01m[KspeedRef[m[K‚Äô was not declared in this scope
  291 |                 [01;31m[KspeedRef[m[K = msg->data[0];
      |                 [01;31m[K^~~~~~~~[m[K
[01m[K/home/mm/longshan12_2/src/control/src/control_node.cpp:294:25:[m[K [01;31m[Kerror: [m[K‚Äò[01m[KgearsRef[m[K‚Äô was not declared in this scope
  294 |                         [01;31m[KgearsRef[m[K = 0xB;
      |                         [01;31m[K^~~~~~~~[m[K
[01m[K/home/mm/longshan12_2/src/control/src/control_node.cpp:298:25:[m[K [01;31m[Kerror: [m[K‚Äò[01m[KgearsRef[m[K‚Äô was not declared in this scope
  298 |                         [01;31m[KgearsRef[m[K = 0xA;
      |                         [01;31m[K^~~~~~~~[m[K
[01m[K/home/mm/longshan12_2/src/control/src/control_node.cpp:302:25:[m[K [01;31m[Kerror: [m[K‚Äò[01m[KgearsRef[m[K‚Äô was not declared in this scope
  302 |                         [01;31m[KgearsRef[m[K = 0x1;
      |                         [01;31m[K^~~~~~~~[m[K
[01m[K/home/mm/longshan12_2/src/control/src/control_node.cpp:306:25:[m[K [01;31m[Kerror: [m[K‚Äò[01m[KgearsRef[m[K‚Äô was not declared in this scope
  306 |                         [01;31m[KgearsRef[m[K = 0x9;
      |                         [01;31m[K^~~~~~~~[m[K
[01m[K/home/mm/longshan12_2/src/control/src/control_node.cpp:313:41:[m[K [01;31m[Kerror: [m[K‚Äò[01m[KspeedRef[m[K‚Äô was not declared in this scope
  313 |             std::cout << "speedRef:" << [01;31m[KspeedRef[m[K << ", "<< "gearsRef:" << gearsRef << ", "<< "flag:" << run_stop_flag << std::endl;
      |                                         [01;31m[K^~~~~~~~[m[K
[01m[K/home/mm/longshan12_2/src/control/src/control_node.cpp:313:75:[m[K [01;31m[Kerror: [m[K‚Äò[01m[KgearsRef[m[K‚Äô was not declared in this scope
  313 |             std::cout << "speedRef:" << speedRef << ", "<< "gearsRef:" << [01;31m[KgearsRef[m[K << ", "<< "flag:" << run_stop_flag << std::endl;
      |                                                                           [01;31m[K^~~~~~~~[m[K
[01m[K/home/mm/longshan12_2/src/control/src/control_node.cpp:[m[K In function ‚Äò[01m[Kvoid subDecelerateFlag(std_msgs::msg::Int32_<std::allocator<void> >::SharedPtr)[m[K‚Äô:
[01m[K/home/mm/longshan12_2/src/control/src/control_node.cpp:319:17:[m[K [01;31m[Kerror: [m[K‚Äò[01m[KDecelerateFlag[m[K‚Äô was not declared in this scope; did you mean ‚Äò[01m[KsubDecelerateFlag[m[K‚Äô?
  319 |                 [01;31m[KDecelerateFlag[m[K=false;
      |                 [01;31m[K^~~~~~~~~~~~~~[m[K
      |                 [32m[KsubDecelerateFlag[m[K
[01m[K/home/mm/longshan12_2/src/control/src/control_node.cpp:321:17:[m[K [01;31m[Kerror: [m[K‚Äò[01m[KDecelerateFlag[m[K‚Äô was not declared in this scope; did you mean ‚Äò[01m[KsubDecelerateFlag[m[K‚Äô?
  321 |                 [01;31m[KDecelerateFlag[m[K=true;
      |                 [01;31m[K^~~~~~~~~~~~~~[m[K
      |                 [32m[KsubDecelerateFlag[m[K
[01m[K/home/mm/longshan12_2/src/control/src/control_node.cpp:[m[K In function ‚Äò[01m[Kvoid SendCan(double, int, double, int, int)[m[K‚Äô:
[01m[K/home/mm/longshan12_2/src/control/src/control_node.cpp:332:13:[m[K [01;31m[Kerror: [m[K‚Äò[01m[Kpub_can[m[K‚Äô was not declared in this scope
  332 |             [01;31m[Kpub_can[m[K->publish(msg);
      |             [01;31m[K^~~~~~~[m[K
[01m[K/home/mm/longshan12_2/src/control/src/control_node.cpp:[m[K In function ‚Äò[01m[Kvoid InitializeFilters()[m[K‚Äô:
[01m[K/home/mm/longshan12_2/src/control/src/control_node.cpp:377:13:[m[K [01;31m[Kerror: [m[K‚Äò[01m[Kdigital_filter_[m[K‚Äô was not declared in this scope; did you mean ‚Äò[01m[KDigitalFilter[m[K‚Äô?
  377 |             [01;31m[Kdigital_filter_[m[K.set_coefficients(den, num);
      |             [01;31m[K^~~~~~~~~~~~~~~[m[K
      |             [32m[KDigitalFilter[m[K
[01m[K/home/mm/longshan12_2/src/control/src/control_node.cpp:[m[K In function ‚Äò[01m[Kdouble CalculateSteerAngle(const int&)[m[K‚Äô:
[01m[K/home/mm/longshan12_2/src/control/src/control_node.cpp:381:47:[m[K [01;31m[Kerror: [m[K‚Äò[01m[KglobalPath[m[K‚Äô was not declared in this scope
  381 |             int pre_index = (minindex + 8) > ([01;31m[KglobalPath[m[K.cols()-1) ?
      |                                               [01;31m[K^~~~~~~~~~[m[K
[01m[K/home/mm/longshan12_2/src/control/src/control_node.cpp:383:13:[m[K [01;31m[Kerror: [m[K‚Äò[01m[Kprepoint[m[K‚Äô was not declared in this scope
  383 |             [01;31m[Kprepoint[m[K = 0;//ÂºØÈÅìÊó∂È¢ÑÁûÑË∑ùÁ¶ªÂèòÁü≠‰∏§‰∏™ÁÇπÁöÑËÇ≤Ëãó 1m
      |             [01;31m[K^~~~~~~~[m[K
[01m[K/home/mm/longshan12_2/src/control/src/control_node.cpp:385:17:[m[K [01;31m[Kerror: [m[K‚Äò[01m[KQ[m[K‚Äô was not declared in this scope
  385 |                 [01;31m[KQ[m[K <<100,  0,  0,
      |                 [01;31m[K^[m[K
[01m[K/home/mm/longshan12_2/src/control/src/control_node.cpp:388:17:[m[K [01;31m[Kerror: [m[K‚Äò[01m[KR[m[K‚Äô was not declared in this scope
  388 |                 [01;31m[KR[m[K << 0, 0, 0, 4;
      |                 [01;31m[K^[m[K
[01m[K/home/mm/longshan12_2/src/control/src/control_node.cpp:390:17:[m[K [01;31m[Kerror: [m[K‚Äò[01m[KQ[m[K‚Äô was not declared in this scope
  390 |                 [01;31m[KQ[m[K <<20,  0,  0,
      |                 [01;31m[K^[m[K
[01m[K/home/mm/longshan12_2/src/control/src/control_node.cpp:393:17:[m[K [01;31m[Kerror: [m[K‚Äò[01m[KR[m[K‚Äô was not declared in this scope
  393 |                 [01;31m[KR[m[K << 0, 0, 0, 4;
      |                 [01;31m[K^[m[K
[01m[K/home/mm/longshan12_2/src/control/src/control_node.cpp:396:37:[m[K [01;31m[Kerror: [m[K‚Äò[01m[Kcar[m[K‚Äô was not declared in this scope; did you mean ‚Äò[01m[Kchar[m[K‚Äô?
  396 |             local::findClosestPoint([01;31m[Kcar[m[K, interpolationoptTrajxy, closestIndex);
      |                                     [01;31m[K^~~[m[K
      |                                     [32m[Kchar[m[K
[01m[K/home/mm/longshan12_2/src/control/src/control_node.cpp:396:42:[m[K [01;31m[Kerror: [m[K‚Äò[01m[KinterpolationoptTrajxy[m[K‚Äô was not declared in this scope
  396 |             local::findClosestPoint(car, [01;31m[KinterpolationoptTrajxy[m[K, closestIndex);
      |                                          [01;31m[K^~~~~~~~~~~~~~~~~~~~~~[m[K
[01m[K/home/mm/longshan12_2/src/control/src/control_node.cpp:396:66:[m[K [01;31m[Kerror: [m[K‚Äò[01m[KclosestIndex[m[K‚Äô was not declared in this scope
  396 |             local::findClosestPoint(car, interpolationoptTrajxy, [01;31m[KclosestIndex[m[K);
      |                                                                  [01;31m[K^~~~~~~~~~~~[m[K
[01m[K/home/mm/longshan12_2/src/control/src/control_node.cpp:398:54:[m[K [01;31m[Kerror: [m[K‚Äò[01m[KgpsS[m[K‚Äô was not declared in this scope
  398 |             double preview_distance = preview_time * [01;31m[KgpsS[m[K;
      |                                                      [01;31m[K^~~~[m[K
[01m[K/home/mm/longshan12_2/src/control/src/control_node.cpp:410:13:[m[K [01;31m[Kerror: [m[K‚Äò[01m[Kpub_error[m[K‚Äô was not declared in this scope; did you mean ‚Äò[01m[Kperror[m[K‚Äô?
  410 |             [01;31m[Kpub_error[m[K->publish(error_msg);
      |             [01;31m[K^~~~~~~~~[m[K
      |             [32m[Kperror[m[K
[01m[K/home/mm/longshan12_2/src/control/src/control_node.cpp:419:13:[m[K [01;31m[Kerror: [m[K‚Äò[01m[Kref_delta[m[K‚Äô was not declared in this scope
  419 |             [01;31m[Kref_delta[m[K = atan2(car(4) * interpolationoptTrajxy(4, pre_closestIndex), 1);
      |             [01;31m[K^~~~~~~~~[m[K
[01m[K/home/mm/longshan12_2/src/control/src/control_node.cpp:419:66:[m[K [01;31m[Kerror: [m[K‚Äò[01m[Kpre_closestIndex[m[K‚Äô was not declared in this scope
  419 |             ref_delta = atan2(car(4) * interpolationoptTrajxy(4, [01;31m[Kpre_closestIndex[m[K), 1);
      |                                                                  [01;31m[K^~~~~~~~~~~~~~~~[m[K
[01m[K/home/mm/longshan12_2/src/control/src/control_node.cpp:420:13:[m[K [01;31m[Kerror: [m[K‚Äò[01m[KLQR[m[K‚Äô was not declared in this scope
  420 |             [01;31m[KLQR[m[K.stateSpaceMatrix(A, B, car, cps, ref_delta, theta);
      |             [01;31m[K^~~[m[K
[01m[K/home/mm/longshan12_2/src/control/src/control_node.cpp:420:34:[m[K [01;31m[Kerror: [m[K‚Äò[01m[KA[m[K‚Äô was not declared in this scope
  420 |             LQR.stateSpaceMatrix([01;31m[KA[m[K, B, car, cps, ref_delta, theta);
      |                                  [01;31m[K^[m[K
[01m[K/home/mm/longshan12_2/src/control/src/control_node.cpp:420:37:[m[K [01;31m[Kerror: [m[K‚Äò[01m[KB[m[K‚Äô was not declared in this scope
  420 |             LQR.stateSpaceMatrix(A, [01;31m[KB[m[K, car, cps, ref_delta, theta);
      |                                     [01;31m[K^[m[K
[01m[K/home/mm/longshan12_2/src/control/src/control_node.cpp:420:45:[m[K [01;31m[Kerror: [m[K‚Äò[01m[Kcps[m[K‚Äô was not declared in this scope; did you mean ‚Äò[01m[Kcos[m[K‚Äô?
  420 |             LQR.stateSpaceMatrix(A, B, car, [01;31m[Kcps[m[K, ref_delta, theta);
      |                                             [01;31m[K^~~[m[K
      |                                             [32m[Kcos[m[K
[01m[K/home/mm/longshan12_2/src/control/src/control_node.cpp:422:13:[m[K [01;31m[Kerror: [m[K‚Äò[01m[Ku[m[K‚Äô was not declared in this scope
  422 |             [01;31m[Ku[m[K=LQR.calcU(car, interpolationoptTrajxy, Projection_point_message, A, B, Q, R)(1);
      |             [01;31m[K^[m[K
[01m[K/home/mm/longshan12_2/src/control/src/control_node.cpp:422:86:[m[K [01;31m[Kerror: [m[K‚Äò[01m[KQ[m[K‚Äô was not declared in this scope
  422 |             u=LQR.calcU(car, interpolationoptTrajxy, Projection_point_message, A, B, [01;31m[KQ[m[K, R)(1);
      |                                                                                      [01;31m[K^[m[K
[01m[K/home/mm/longshan12_2/src/control/src/control_node.cpp:422:89:[m[K [01;31m[Kerror: [m[K‚Äò[01m[KR[m[K‚Äô was not declared in this scope
  422 |             u=LQR.calcU(car, interpolationoptTrajxy, Projection_point_message, A, B, Q, [01;31m[KR[m[K)(1);
      |                                                                                         [01;31m[K^[m[K
[01m[K/home/mm/longshan12_2/src/control/src/control_node.cpp:430:35:[m[K [01;31m[Kerror: [m[K‚Äò[01m[KK[m[K‚Äô was not declared in this scope
  430 |             std::cout<<"lqr: " << [01;31m[KK[m[K * u <<std::endl;
      |                                   [01;31m[K^[m[K
[01m[K/home/mm/longshan12_2/src/control/src/control_node.cpp:452:30:[m[K [01;31m[Kerror: [m[K‚Äò[01m[Kswth[m[K‚Äô was not declared in this scope
  452 |             if (steerangle > [01;31m[Kswth[m[K) {
      |                              [01;31m[K^~~~[m[K
[01m[K/home/mm/longshan12_2/src/control/src/control_node.cpp:457:41:[m[K [01;31m[Kerror: [m[K‚Äò[01m[Kdigital_filter_[m[K‚Äô was not declared in this scope; did you mean ‚Äò[01m[KDigitalFilter[m[K‚Äô?
  457 |             double filter_steer_angle = [01;31m[Kdigital_filter_[m[K.Filter(steerangle);
      |                                         [01;31m[K^~~~~~~~~~~~~~~[m[K
      |                                         [32m[KDigitalFilter[m[K
[01m[K/home/mm/longshan12_2/src/control/src/control_node.cpp:461:13:[m[K [01;31m[Kerror: [m[K‚Äò[01m[Kpub_steer_angle[m[K‚Äô was not declared in this scope; did you mean ‚Äò[01m[Ksteerangle[m[K‚Äô?
  461 |             [01;31m[Kpub_steer_angle[m[K->publish(steer_angle_msg);
      |             [01;31m[K^~~~~~~~~~~~~~~[m[K
      |             [32m[Ksteerangle[m[K
[01m[K/home/mm/longshan12_2/src/control/src/control_node.cpp:398:20:[m[K [01;35m[Kwarning: [m[Kunused variable ‚Äò[01m[Kpreview_distance[m[K‚Äô [[01;35m[K-Wunused-variable[m[K]
  398 |             double [01;35m[Kpreview_distance[m[K = preview_time * gpsS;
      |                    [01;35m[K^~~~~~~~~~~~~~~~[m[K
[01m[K/home/mm/longshan12_2/src/control/src/control_node.cpp:411:20:[m[K [01;35m[Kwarning: [m[Kunused variable ‚Äò[01m[KdeltaX[m[K‚Äô [[01;35m[K-Wunused-variable[m[K]
  411 |             double [01;35m[KdeltaX[m[K =  dx;
      |                    [01;35m[K^~~~~~[m[K
[01m[K/home/mm/longshan12_2/src/control/src/control_node.cpp:412:20:[m[K [01;35m[Kwarning: [m[Kunused variable ‚Äò[01m[KdeltaY[m[K‚Äô [[01;35m[K-Wunused-variable[m[K]
  412 |             double [01;35m[KdeltaY[m[K =  dy;
      |                    [01;35m[K^~~~~~[m[K
[01m[K/home/mm/longshan12_2/src/control/src/control_node.cpp:413:20:[m[K [01;35m[Kwarning: [m[Kunused variable ‚Äò[01m[KdeltaYAW[m[K‚Äô [[01;35m[K-Wunused-variable[m[K]
  413 |             double [01;35m[KdeltaYAW[m[K = tool::normalizeAngle(tool::d2r(car(3)) - theta);
      |                    [01;35m[K^~~~~~~~[m[K
[01m[K/home/mm/longshan12_2/src/control/src/control_node.cpp:[m[K At global scope:
[01m[K/home/mm/longshan12_2/src/control/src/control_node.cpp:465:5:[m[K [01;31m[Kerror: [m[Kexpected unqualified-id before ‚Äò[01m[Kprivate[m[K‚Äô
  465 |     [01;31m[Kprivate[m[K:
      |     [01;31m[K^~~~~~~[m[K
[01m[K/home/mm/longshan12_2/src/control/src/control_node.cpp:564:13:[m[K [01;31m[Kerror: [m[K‚Äò[01m[Kint index[m[K‚Äô redeclared as different kind of entity
  564 |         int [01;31m[Kindex[m[K = 0;
      |             [01;31m[K^~~~~[m[K
In file included from [01m[K/usr/include/string.h:432[m[K,
                 from [01m[K/opt/ros/foxy/include/rcutils/error_handling.h:34[m[K,
                 from [01m[K/opt/ros/foxy/include/rcutils/logging.h:23[m[K,
                 from [01m[K/opt/ros/foxy/include/rmw/types.h:28[m[K,
                 from [01m[K/opt/ros/foxy/include/rcl/types.h:18[m[K,
                 from [01m[K/opt/ros/foxy/include/rcl/arguments.h:20[m[K,
                 from [01m[K/opt/ros/foxy/include/rcl/context.h:26[m[K,
                 from [01m[K/opt/ros/foxy/include/rcl/guard_condition.h:24[m[K,
                 from [01m[K/opt/ros/foxy/include/rclcpp/executor.hpp:29[m[K,
                 from [01m[K/opt/ros/foxy/include/rclcpp/executors/multi_threaded_executor.hpp:26[m[K,
                 from [01m[K/opt/ros/foxy/include/rclcpp/executors.hpp:21[m[K,
                 from [01m[K/opt/ros/foxy/include/rclcpp/rclcpp.hpp:146[m[K,
                 from [01m[K/home/mm/longshan12_2/src/control/src/control_node.cpp:1[m[K:
[01m[K/usr/include/strings.h:50:20:[m[K [01;36m[Knote: [m[Kprevious declaration ‚Äò[01m[Kconst char* index(const char*, int)[m[K‚Äô
   50 | extern const char *[01;36m[Kindex[m[K (const char *__s, int __c)
      |                    [01;36m[K^~~~~[m[K
[01m[K/home/mm/longshan12_2/src/control/src/control_node.cpp:594:1:[m[K [01;31m[Kerror: [m[Kexpected declaration before ‚Äò[01m[K}[m[K‚Äô token
  594 | [01;31m[K}[m[K;
      | [01;31m[K^[m[K
make[2]: *** [CMakeFiles/control_node.dir/build.make:76ÔºöCMakeFiles/control_node.dir/src/control_node.cpp.o] ÈîôËØØ 1
make[1]: *** [CMakeFiles/Makefile2:78ÔºöCMakeFiles/control_node.dir/all] ÈîôËØØ 2
make: *** [Makefile:141Ôºöall] ÈîôËØØ 2
