[0.040s] Invoking command in '/home/mm/longshan12_2/build/control': CMAKE_PREFIX_PATH=/opt/ros/foxy /usr/bin/cmake --build /home/mm/longshan12_2/build/control -- -j4 -l4
[0.266s] [35m[1mScanning dependencies of target control_node[0m
[0.603s] [  7%] [32mBuilding CXX object CMakeFiles/control_node.dir/src/KineMPCControler.cpp.o[0m
[0.624s] [ 15%] [32mBuilding CXX object CMakeFiles/control_node.dir/src/control_node.cpp.o[0m
[0.632s] [ 23%] [32mBuilding CXX object CMakeFiles/control_node.dir/src/mpc_osqp.cpp.o[0m
[3.036s] [01m[K/home/mm/longshan12_2/src/control/src/mpc_osqp.cpp:[m[K In member function ‘[01m[Kbool MpcOsqp::Solve(std::vector<double>*)[m[K’:
[3.036s] [01m[K/home/mm/longshan12_2/src/control/src/mpc_osqp.cpp:332:53:[m[K [01;31m[Kerror: [m[Kexpected ‘[01m[K;[m[K’ before ‘[01m[Kstd[m[K’
[3.037s]   332 |     std::cout << "The solution from OSQP is nullptr"[01;31m[K [m[K[32m[Kstd[m[K::endl;
[3.037s]       |                                                     [01;31m[K^[m[K[32m[K~~~[m[K
[3.037s]       |                                                     [32m[K;[m[K
[3.929s] make[2]: *** [CMakeFiles/control_node.dir/build.make:154：CMakeFiles/control_node.dir/src/mpc_osqp.cpp.o] 错误 1
[3.930s] make[2]: *** 正在等待未完成的任务....
[5.860s] [01m[K/home/mm/longshan12_2/src/control/src/control_node.cpp:[m[K In member function ‘[01m[Kvoid control_node::gps_callback(std_msgs::msg::Float64MultiArray_<std::allocator<void> >::SharedPtr)[m[K’:
[5.861s] [01m[K/home/mm/longshan12_2/src/control/src/control_node.cpp:129:36:[m[K [01;35m[Kwarning: [m[Kunused variable ‘[01m[KdeltaX[m[K’ [[01;35m[K-Wunused-variable[m[K]
[5.861s]   129 |                             double [01;35m[KdeltaX[m[K =  dx;
[5.861s]       |                                    [01;35m[K^~~~~~[m[K
[5.861s] [01m[K/home/mm/longshan12_2/src/control/src/control_node.cpp:130:36:[m[K [01;35m[Kwarning: [m[Kunused variable ‘[01m[KdeltaY[m[K’ [[01;35m[K-Wunused-variable[m[K]
[5.861s]   130 |                             double [01;35m[KdeltaY[m[K =  dy;
[5.861s]       |                                    [01;35m[K^~~~~~[m[K
[5.861s] [01m[K/home/mm/longshan12_2/src/control/src/control_node.cpp:131:36:[m[K [01;35m[Kwarning: [m[Kunused variable ‘[01m[KdeltaYAW[m[K’ [[01;35m[K-Wunused-variable[m[K]
[5.861s]   131 |                             double [01;35m[KdeltaYAW[m[K = tool::normalizeAngle(tool::d2r(car(3)) - theta);
[5.861s]       |                                    [01;35m[K^~~~~~~~[m[K
[13.915s] make[1]: *** [CMakeFiles/Makefile2:78：CMakeFiles/control_node.dir/all] 错误 2
[13.915s] make: *** [Makefile:141：all] 错误 2
[13.917s] Invoked command in '/home/mm/longshan12_2/build/control' returned '2': CMAKE_PREFIX_PATH=/opt/ros/foxy /usr/bin/cmake --build /home/mm/longshan12_2/build/control -- -j4 -l4
