[01m[K/home/mm/longshan12_2/src/local/src/local_node4.cpp:[m[K In constructor â€˜[01m[Klocal_trajs_node::local_trajs_node(std::string)[m[Kâ€™:
[01m[K/home/mm/longshan12_2/src/local/src/local_node4.cpp:74:18:[m[K [01;31m[Kerror: [m[Kâ€˜[01m[Kstd::filesystem[m[Kâ€™ has not been declared
   74 |             std::[01;31m[Kfilesystem[m[K::path current_path = std::filesystem::current_path();
      |                  [01;31m[K^~~~~~~~~~[m[K
[01m[K/home/mm/longshan12_2/src/local/src/local_node4.cpp:77:49:[m[K [01;31m[Kerror: [m[Kâ€˜[01m[Kcurrent_path[m[Kâ€™ was not declared in this scope
   77 |             std::cout << "å½“å‰è·¯å¾„æ˜¯: " << [01;31m[Kcurrent_path[m[K << std::endl;
      |                                                 [01;31m[K^~~~~~~~~~~~[m[K
In file included from [01m[K/home/mm/longshan12_2/src/local/./include/localFuns.h:5[m[K,
                 from [01m[K/home/mm/longshan12_2/src/local/src/local_node4.cpp:14[m[K:
[01m[K/home/mm/longshan12_2/src/local/./include/toolKits.h:[m[K At global scope:
[01m[K/home/mm/longshan12_2/src/local/./include/toolKits.h:64:19:[m[K [01;35m[Kwarning: [m[Kinline function â€˜[01m[Kdouble tool::d2r(double)[m[Kâ€™ used but never defined
   64 |     inline double [01;35m[Kd2r[m[K(double theta);
      |                   [01;35m[K^~~[m[K
make[2]: *** [CMakeFiles/local_node4.dir/build.make:167ï¼šCMakeFiles/local_node4.dir/src/local_node4.cpp.o] é”™è¯¯ 1
make[1]: *** [CMakeFiles/Makefile2:78ï¼šCMakeFiles/local_node4.dir/all] é”™è¯¯ 2
make: *** [Makefile:141ï¼šall] é”™è¯¯ 2
