[0.067s] Invoking command in '/home/mm/longshan12_2/build/local': AMENT_PREFIX_PATH=/home/mm/longshan12_2/install/ros2_path_interfaces:${AMENT_PREFIX_PATH} CMAKE_PREFIX_PATH=/home/mm/longshan12_2/install/ros2_path_interfaces:/opt/ros/foxy LD_LIBRARY_PATH=/home/mm/longshan12_2/install/ros2_path_interfaces/lib:/usr/local/lib/libosqp.so:/usr/lib/x86_64-linux-gnu/gazebo-11/plugins:/opt/ros/foxy/opt/yaml_cpp_vendor/lib:/opt/ros/foxy/opt/rviz_ogre_vendor/lib:/opt/ros/foxy/lib/x86_64-linux-gnu:/opt/ros/foxy/lib:/usr/local/lib/libosqp.so PYTHONPATH=/home/mm/longshan12_2/install/ros2_path_interfaces/lib/python3.8/site-packages:${PYTHONPATH} /usr/bin/cmake --build /home/mm/longshan12_2/build/local -- -j4 -l4
[0.179s] [  5%] [32mBuilding CXX object CMakeFiles/local_node4.dir/src/local_node4.cpp.o[0m
[4.062s] [01m[K/home/mm/longshan12_2/src/local/src/local_node4.cpp:[m[K In constructor â€˜[01m[Klocal_trajs_node::local_trajs_node(std::string)[m[Kâ€™:
[4.062s] [01m[K/home/mm/longshan12_2/src/local/src/local_node4.cpp:74:18:[m[K [01;31m[Kerror: [m[Kâ€˜[01m[Kstd::filesystem[m[Kâ€™ has not been declared
[4.062s]    74 |             std::[01;31m[Kfilesystem[m[K::path current_path = std::filesystem::current_path();
[4.062s]       |                  [01;31m[K^~~~~~~~~~[m[K
[4.068s] [01m[K/home/mm/longshan12_2/src/local/src/local_node4.cpp:77:49:[m[K [01;31m[Kerror: [m[Kâ€˜[01m[Kcurrent_path[m[Kâ€™ was not declared in this scope
[4.069s]    77 |             std::cout << "å½“å‰è·¯å¾„æ˜¯: " << [01;31m[Kcurrent_path[m[K << std::endl;
[4.069s]       |                                                 [01;31m[K^~~~~~~~~~~~[m[K
[8.359s] In file included from [01m[K/home/mm/longshan12_2/src/local/./include/localFuns.h:5[m[K,
[8.360s]                  from [01m[K/home/mm/longshan12_2/src/local/src/local_node4.cpp:14[m[K:
[8.360s] [01m[K/home/mm/longshan12_2/src/local/./include/toolKits.h:[m[K At global scope:
[8.360s] [01m[K/home/mm/longshan12_2/src/local/./include/toolKits.h:64:19:[m[K [01;35m[Kwarning: [m[Kinline function â€˜[01m[Kdouble tool::d2r(double)[m[Kâ€™ used but never defined
[8.360s]    64 |     inline double [01;35m[Kd2r[m[K(double theta);
[8.360s]       |                   [01;35m[K^~~[m[K
[9.035s] make[2]: *** [CMakeFiles/local_node4.dir/build.make:167ï¼šCMakeFiles/local_node4.dir/src/local_node4.cpp.o] é”™è¯¯ 1
[9.038s] make[1]: *** [CMakeFiles/Makefile2:78ï¼šCMakeFiles/local_node4.dir/all] é”™è¯¯ 2
[9.038s] make: *** [Makefile:141ï¼šall] é”™è¯¯ 2
[9.041s] Invoked command in '/home/mm/longshan12_2/build/local' returned '2': AMENT_PREFIX_PATH=/home/mm/longshan12_2/install/ros2_path_interfaces:${AMENT_PREFIX_PATH} CMAKE_PREFIX_PATH=/home/mm/longshan12_2/install/ros2_path_interfaces:/opt/ros/foxy LD_LIBRARY_PATH=/home/mm/longshan12_2/install/ros2_path_interfaces/lib:/usr/local/lib/libosqp.so:/usr/lib/x86_64-linux-gnu/gazebo-11/plugins:/opt/ros/foxy/opt/yaml_cpp_vendor/lib:/opt/ros/foxy/opt/rviz_ogre_vendor/lib:/opt/ros/foxy/lib/x86_64-linux-gnu:/opt/ros/foxy/lib:/usr/local/lib/libosqp.so PYTHONPATH=/home/mm/longshan12_2/install/ros2_path_interfaces/lib/python3.8/site-packages:${PYTHONPATH} /usr/bin/cmake --build /home/mm/longshan12_2/build/local -- -j4 -l4
