[0.043s] Invoking command in '/home/mm/longshan12_2/build/local': AMENT_PREFIX_PATH=/home/mm/longshan12_2/install/ros2_path_interfaces:${AMENT_PREFIX_PATH} CMAKE_PREFIX_PATH=/home/mm/longshan12_2/install/ros2_path_interfaces:/opt/ros/foxy LD_LIBRARY_PATH=/home/mm/longshan12_2/install/ros2_path_interfaces/lib:/usr/local/lib/libosqp.so:/usr/lib/x86_64-linux-gnu/gazebo-11/plugins:/opt/ros/foxy/opt/yaml_cpp_vendor/lib:/opt/ros/foxy/opt/rviz_ogre_vendor/lib:/opt/ros/foxy/lib/x86_64-linux-gnu:/opt/ros/foxy/lib:/usr/local/lib/libosqp.so PYTHONPATH=/home/mm/longshan12_2/install/ros2_path_interfaces/lib/python3.8/site-packages:${PYTHONPATH} /usr/bin/cmake --build /home/mm/longshan12_2/build/local -- -j4 -l4
[0.243s] [  5%] [32mBuilding CXX object CMakeFiles/local_node4.dir/src/local_node4.cpp.o[0m
[9.281s] In file included from [01m[K/home/mm/longshan12_2/src/local/./include/localFuns.h:5[m[K,
[9.281s]                  from [01m[K/home/mm/longshan12_2/src/local/src/local_node4.cpp:14[m[K:
[9.281s] [01m[K/home/mm/longshan12_2/src/local/./include/toolKits.h:64:19:[m[K [01;35m[Kwarning: [m[Kinline function â€˜[01m[Kdouble tool::d2r(double)[m[Kâ€™ used but never defined
[9.281s]    64 |     inline double [01;35m[Kd2r[m[K(double theta);
[9.282s]       |                   [01;35m[K^~~[m[K
[17.990s] [ 10%] [32m[1mLinking CXX executable local_node4[0m
[20.568s] /usr/bin/ld: CMakeFiles/local_node4.dir/src/local_node4.cpp.o: in function `boost::filesystem::exists(boost::filesystem::path const&)':
[20.568s] local_node4.cpp:(.text._ZN5boost10filesystem6existsERKNS0_4pathE[_ZN5boost10filesystem6existsERKNS0_4pathE]+0x33): undefined reference to `boost::filesystem::detail::status(boost::filesystem::path const&, boost::system::error_code*)'
[20.568s] /usr/bin/ld: CMakeFiles/local_node4.dir/src/local_node4.cpp.o: in function `boost::filesystem::is_directory(boost::filesystem::path const&)':
[20.569s] local_node4.cpp:(.text._ZN5boost10filesystem12is_directoryERKNS0_4pathE[_ZN5boost10filesystem12is_directoryERKNS0_4pathE]+0x33): undefined reference to `boost::filesystem::detail::status(boost::filesystem::path const&, boost::system::error_code*)'
[20.569s] /usr/bin/ld: CMakeFiles/local_node4.dir/src/local_node4.cpp.o: in function `boost::filesystem::is_regular_file(boost::filesystem::path const&)':
[20.570s] local_node4.cpp:(.text._ZN5boost10filesystem15is_regular_fileERKNS0_4pathE[_ZN5boost10filesystem15is_regular_fileERKNS0_4pathE]+0x33): undefined reference to `boost::filesystem::detail::status(boost::filesystem::path const&, boost::system::error_code*)'
[20.570s] /usr/bin/ld: CMakeFiles/local_node4.dir/src/local_node4.cpp.o: in function `boost::filesystem::remove(boost::filesystem::path const&)':
[20.570s] local_node4.cpp:(.text._ZN5boost10filesystem6removeERKNS0_4pathE[_ZN5boost10filesystem6removeERKNS0_4pathE]+0x1d): undefined reference to `boost::filesystem::detail::remove(boost::filesystem::path const&, boost::system::error_code*)'
[20.570s] /usr/bin/ld: CMakeFiles/local_node4.dir/src/local_node4.cpp.o: in function `boost::filesystem::detail::dir_itr_imp::~dir_itr_imp()':
[20.570s] local_node4.cpp:(.text._ZN5boost10filesystem6detail11dir_itr_impD2Ev[_ZN5boost10filesystem6detail11dir_itr_impD5Ev]+0x27): undefined reference to `boost::filesystem::detail::dir_itr_close(void*&, void*&)'
[20.570s] /usr/bin/ld: CMakeFiles/local_node4.dir/src/local_node4.cpp.o: in function `boost::filesystem::directory_iterator::directory_iterator(boost::filesystem::path const&)':
[20.571s] local_node4.cpp:(.text._ZN5boost10filesystem18directory_iteratorC2ERKNS0_4pathE[_ZN5boost10filesystem18directory_iteratorC5ERKNS0_4pathE]+0x54): undefined reference to `boost::filesystem::detail::directory_iterator_construct(boost::filesystem::directory_iterator&, boost::filesystem::path const&, boost::system::error_code*)'
[20.571s] /usr/bin/ld: CMakeFiles/local_node4.dir/src/local_node4.cpp.o: in function `boost::filesystem::directory_iterator::increment()':
[20.571s] local_node4.cpp:(.text._ZN5boost10filesystem18directory_iterator9incrementEv[_ZN5boost10filesystem18directory_iterator9incrementEv]+0x1d): undefined reference to `boost::filesystem::detail::directory_iterator_increment(boost::filesystem::directory_iterator&, boost::system::error_code*)'
[20.571s] collect2: error: ld returned 1 exit status
[20.577s] make[2]: *** [CMakeFiles/local_node4.dir/build.make:453ï¼šlocal_node4] é”™è¯¯ 1
[20.578s] make[1]: *** [CMakeFiles/Makefile2:78ï¼šCMakeFiles/local_node4.dir/all] é”™è¯¯ 2
[20.578s] make: *** [Makefile:141ï¼šall] é”™è¯¯ 2
[20.595s] Invoked command in '/home/mm/longshan12_2/build/local' returned '2': AMENT_PREFIX_PATH=/home/mm/longshan12_2/install/ros2_path_interfaces:${AMENT_PREFIX_PATH} CMAKE_PREFIX_PATH=/home/mm/longshan12_2/install/ros2_path_interfaces:/opt/ros/foxy LD_LIBRARY_PATH=/home/mm/longshan12_2/install/ros2_path_interfaces/lib:/usr/local/lib/libosqp.so:/usr/lib/x86_64-linux-gnu/gazebo-11/plugins:/opt/ros/foxy/opt/yaml_cpp_vendor/lib:/opt/ros/foxy/opt/rviz_ogre_vendor/lib:/opt/ros/foxy/lib/x86_64-linux-gnu:/opt/ros/foxy/lib:/usr/local/lib/libosqp.so PYTHONPATH=/home/mm/longshan12_2/install/ros2_path_interfaces/lib/python3.8/site-packages:${PYTHONPATH} /usr/bin/cmake --build /home/mm/longshan12_2/build/local -- -j4 -l4
